{"/home/travis/build/npmtest/node-npmtest-mingo/test.js":{"path":"/home/travis/build/npmtest/node-npmtest-mingo/test.js","s":{"1":2,"2":2,"3":2,"4":2,"5":2,"6":2,"7":2,"8":1,"9":2,"10":2,"11":1,"12":1,"13":1,"14":1,"15":2,"16":2,"17":2,"18":2,"19":1,"20":1,"21":2,"22":2,"23":2,"24":1,"25":1,"26":1,"27":1,"28":1,"29":1,"30":1,"31":1,"32":1,"33":1,"34":1,"35":1,"36":1,"37":1,"38":1,"39":2,"40":2,"41":1,"42":2,"43":2,"44":1,"45":2,"46":2,"47":1,"48":2,"49":2,"50":1,"51":1,"52":1,"53":1,"54":1},"b":{"1":[2,1,1,1],"2":[1,1,1,1],"3":[1,1],"4":[1,1],"5":[1,1],"6":[1,1],"7":[1,1],"8":[1,1],"9":[1,1],"10":[1,1,1],"11":[1,1],"12":[1,1],"13":[1,1],"14":[1,1],"15":[1,1],"16":[1,1],"17":[1,1]},"f":{"1":2,"2":2,"3":2,"4":2,"5":2,"6":1,"7":1,"8":1,"9":2,"10":2,"11":2,"12":2,"13":1},"fnMap":{"1":{"name":"(anonymous_1)","line":12,"loc":{"start":{"line":12,"column":1},"end":{"line":12,"column":13}}},"2":{"name":"(anonymous_2)","line":19,"loc":{"start":{"line":19,"column":5},"end":{"line":19,"column":17}}},"3":{"name":"(anonymous_3)","line":23,"loc":{"start":{"line":23,"column":24},"end":{"line":23,"column":36}}},"4":{"name":"(anonymous_4)","line":61,"loc":{"start":{"line":61,"column":5},"end":{"line":61,"column":17}}},"5":{"name":"(anonymous_5)","line":82,"loc":{"start":{"line":82,"column":5},"end":{"line":82,"column":17}}},"6":{"name":"(anonymous_6)","line":91,"loc":{"start":{"line":91,"column":77},"end":{"line":94,"column":10}}},"7":{"name":"(anonymous_7)","line":112,"loc":{"start":{"line":112,"column":83},"end":{"line":115,"column":10}},"skip":true},"8":{"name":"(anonymous_8)","line":123,"loc":{"start":{"line":123,"column":77},"end":{"line":126,"column":10}},"skip":true},"9":{"name":"(anonymous_9)","line":139,"loc":{"start":{"line":139,"column":12},"end":{"line":139,"column":40}},"skip":true},"10":{"name":"(anonymous_10)","line":147,"loc":{"start":{"line":147,"column":77},"end":{"line":150,"column":10}},"skip":true},"11":{"name":"(anonymous_11)","line":158,"loc":{"start":{"line":158,"column":83},"end":{"line":161,"column":10}},"skip":true},"12":{"name":"(anonymous_12)","line":169,"loc":{"start":{"line":169,"column":79},"end":{"line":172,"column":10}},"skip":true},"13":{"name":"(anonymous_13)","line":180,"loc":{"start":{"line":180,"column":75},"end":{"line":183,"column":10}},"skip":true}},"statementMap":{"1":{"start":{"line":12,"column":0},"end":{"line":195,"column":5}},"2":{"start":{"line":14,"column":4},"end":{"line":14,"column":14}},"3":{"start":{"line":19,"column":4},"end":{"line":56,"column":9}},"4":{"start":{"line":21,"column":8},"end":{"line":21,"column":19}},"5":{"start":{"line":23,"column":8},"end":{"line":35,"column":13}},"6":{"start":{"line":24,"column":12},"end":{"line":34,"column":13}},"7":{"start":{"line":25,"column":16},"end":{"line":28,"column":30}},"8":{"start":{"line":30,"column":16},"end":{"line":33,"column":27}},"9":{"start":{"line":37,"column":8},"end":{"line":39,"column":21}},"10":{"start":{"line":40,"column":8},"end":{"line":53,"column":9}},"11":{"start":{"line":43,"column":12},"end":{"line":46,"column":14}},"12":{"start":{"line":47,"column":12},"end":{"line":47,"column":18}},"13":{"start":{"line":50,"column":12},"end":{"line":51,"column":33}},"14":{"start":{"line":52,"column":12},"end":{"line":52,"column":18}},"15":{"start":{"line":55,"column":8},"end":{"line":55,"column":35}},"16":{"start":{"line":61,"column":4},"end":{"line":63,"column":9}},"17":{"start":{"line":62,"column":8},"end":{"line":62,"column":15}},"18":{"start":{"line":64,"column":4},"end":{"line":77,"column":5}},"19":{"start":{"line":70,"column":8},"end":{"line":70,"column":14}},"20":{"start":{"line":76,"column":8},"end":{"line":76,"column":14}},"21":{"start":{"line":82,"column":4},"end":{"line":84,"column":9}},"22":{"start":{"line":83,"column":8},"end":{"line":83,"column":15}},"23":{"start":{"line":85,"column":4},"end":{"line":194,"column":5}},"24":{"start":{"line":91,"column":8},"end":{"line":99,"column":10}},"25":{"start":{"line":98,"column":12},"end":{"line":98,"column":35}},"26":{"start":{"line":102,"column":8},"end":{"line":104,"column":63}},"27":{"start":{"line":105,"column":8},"end":{"line":105,"column":14}},"28":{"start":{"line":112,"column":8},"end":{"line":121,"column":10},"skip":true},"29":{"start":{"line":119,"column":12},"end":{"line":119,"column":55},"skip":true},"30":{"start":{"line":120,"column":12},"end":{"line":120,"column":48},"skip":true},"31":{"start":{"line":123,"column":8},"end":{"line":136,"column":10},"skip":true},"32":{"start":{"line":130,"column":12},"end":{"line":130,"column":76},"skip":true},"33":{"start":{"line":131,"column":12},"end":{"line":131,"column":73},"skip":true},"34":{"start":{"line":132,"column":12},"end":{"line":132,"column":74},"skip":true},"35":{"start":{"line":133,"column":12},"end":{"line":133,"column":79},"skip":true},"36":{"start":{"line":134,"column":12},"end":{"line":134,"column":25},"skip":true},"37":{"start":{"line":135,"column":12},"end":{"line":135,"column":45},"skip":true},"38":{"start":{"line":138,"column":8},"end":{"line":145,"column":14},"skip":true},"39":{"start":{"line":143,"column":16},"end":{"line":143,"column":29},"skip":true},"40":{"start":{"line":144,"column":16},"end":{"line":144,"column":55},"skip":true},"41":{"start":{"line":147,"column":8},"end":{"line":156,"column":10},"skip":true},"42":{"start":{"line":154,"column":12},"end":{"line":154,"column":25},"skip":true},"43":{"start":{"line":155,"column":12},"end":{"line":155,"column":45},"skip":true},"44":{"start":{"line":158,"column":8},"end":{"line":167,"column":10},"skip":true},"45":{"start":{"line":165,"column":12},"end":{"line":165,"column":25},"skip":true},"46":{"start":{"line":166,"column":12},"end":{"line":166,"column":48},"skip":true},"47":{"start":{"line":169,"column":8},"end":{"line":178,"column":10},"skip":true},"48":{"start":{"line":176,"column":12},"end":{"line":176,"column":25},"skip":true},"49":{"start":{"line":177,"column":12},"end":{"line":177,"column":46},"skip":true},"50":{"start":{"line":180,"column":8},"end":{"line":189,"column":10},"skip":true},"51":{"start":{"line":187,"column":12},"end":{"line":187,"column":94},"skip":true},"52":{"start":{"line":188,"column":12},"end":{"line":188,"column":48},"skip":true},"53":{"start":{"line":192,"column":8},"end":{"line":192,"column":35},"skip":true},"54":{"start":{"line":193,"column":8},"end":{"line":193,"column":14},"skip":true}},"branchMap":{"1":{"line":25,"type":"binary-expr","locations":[{"start":{"line":25,"column":23},"end":{"line":25,"column":62}},{"start":{"line":26,"column":20},"end":{"line":26,"column":70}},{"start":{"line":27,"column":20},"end":{"line":27,"column":71}},{"start":{"line":28,"column":20},"end":{"line":28,"column":29}}]},"2":{"line":30,"type":"binary-expr","locations":[{"start":{"line":30,"column":23},"end":{"line":30,"column":37}},{"start":{"line":31,"column":20},"end":{"line":31,"column":61}},{"start":{"line":32,"column":20},"end":{"line":32,"column":70}},{"start":{"line":33,"column":20},"end":{"line":33,"column":26}}]},"3":{"line":37,"type":"cond-expr","locations":[{"start":{"line":38,"column":14},"end":{"line":38,"column":20}},{"start":{"line":39,"column":14},"end":{"line":39,"column":20}}]},"4":{"line":40,"type":"switch","locations":[{"start":{"line":42,"column":8},"end":{"line":47,"column":18}},{"start":{"line":49,"column":8},"end":{"line":52,"column":18}}]},"5":{"line":44,"type":"binary-expr","locations":[{"start":{"line":44,"column":16},"end":{"line":44,"column":44}},{"start":{"line":44,"column":48},"end":{"line":44,"column":66}}]},"6":{"line":50,"type":"binary-expr","locations":[{"start":{"line":50,"column":21},"end":{"line":50,"column":49}},{"start":{"line":50,"column":53},"end":{"line":50,"column":72}}]},"7":{"line":64,"type":"switch","locations":[{"start":{"line":69,"column":4},"end":{"line":70,"column":14}},{"start":{"line":75,"column":4},"end":{"line":76,"column":14}}]},"8":{"line":85,"type":"switch","locations":[{"start":{"line":90,"column":4},"end":{"line":105,"column":14}},{"start":{"line":111,"column":4},"end":{"line":193,"column":14},"skip":true}]},"9":{"line":91,"type":"binary-expr","locations":[{"start":{"line":91,"column":42},"end":{"line":91,"column":73}},{"start":{"line":91,"column":77},"end":{"line":99,"column":9}}]},"10":{"line":102,"type":"binary-expr","locations":[{"start":{"line":102,"column":18},"end":{"line":102,"column":32}},{"start":{"line":103,"column":12},"end":{"line":103,"column":53}},{"start":{"line":104,"column":12},"end":{"line":104,"column":61}}]},"11":{"line":112,"type":"binary-expr","locations":[{"start":{"line":112,"column":45},"end":{"line":112,"column":79},"skip":true},{"start":{"line":112,"column":83},"end":{"line":121,"column":9},"skip":true}]},"12":{"line":123,"type":"binary-expr","locations":[{"start":{"line":123,"column":42},"end":{"line":123,"column":73},"skip":true},{"start":{"line":123,"column":77},"end":{"line":136,"column":9},"skip":true}]},"13":{"line":138,"type":"binary-expr","locations":[{"start":{"line":138,"column":48},"end":{"line":138,"column":85},"skip":true},{"start":{"line":139,"column":12},"end":{"line":145,"column":13},"skip":true}]},"14":{"line":147,"type":"binary-expr","locations":[{"start":{"line":147,"column":42},"end":{"line":147,"column":73},"skip":true},{"start":{"line":147,"column":77},"end":{"line":156,"column":9},"skip":true}]},"15":{"line":158,"type":"binary-expr","locations":[{"start":{"line":158,"column":45},"end":{"line":158,"column":79},"skip":true},{"start":{"line":158,"column":83},"end":{"line":167,"column":9},"skip":true}]},"16":{"line":169,"type":"binary-expr","locations":[{"start":{"line":169,"column":43},"end":{"line":169,"column":75},"skip":true},{"start":{"line":169,"column":79},"end":{"line":178,"column":9},"skip":true}]},"17":{"line":180,"type":"binary-expr","locations":[{"start":{"line":180,"column":41},"end":{"line":180,"column":71},"skip":true},{"start":{"line":180,"column":75},"end":{"line":189,"column":9},"skip":true}]}},"code":["/* istanbul instrument in package npmtest_mingo */","/*jslint","    bitwise: true,","    browser: true,","    maxerr: 8,","    maxlen: 96,","    node: true,","    nomen: true,","    regexp: true,","    stupid: true","*/","(function () {","    'use strict';","    var local;","","","","    // run shared js-env code - init-before","    (function () {","        // init local","        local = {};","        // init modeJs","        local.modeJs = (function () {","            try {","                return typeof navigator.userAgent === 'string' &&","                    typeof document.querySelector('body') === 'object' &&","                    typeof XMLHttpRequest.prototype.open === 'function' &&","                    'browser';","            } catch (errorCaughtBrowser) {","                return module.exports &&","                    typeof process.versions.node === 'string' &&","                    typeof require('http').createServer === 'function' &&","                    'node';","            }","        }());","        // init global","        local.global = local.modeJs === 'browser'","            ? window","            : global;","        switch (local.modeJs) {","        // re-init local from window.local","        case 'browser':","            local = local.global.utility2.objectSetDefault(","                local.global.utility2_rollup || local.global.local,","                local.global.utility2","            );","            break;","        // re-init local from example.js","        case 'node':","            local = (local.global.utility2_rollup || require('utility2'))","                .requireReadme();","            break;","        }","        // export local","        local.global.local = local;","    }());","","","","    // run shared js-env code - function","    (function () {","        return;","    }());","    switch (local.modeJs) {","","","","    // run browser js-env code - function","    case 'browser':","        break;","","","","    // run node js-env code - function","    case 'node':","        break;","    }","","","","    // run shared js-env code - init-after","    (function () {","        return;","    }());","    switch (local.modeJs) {","","","","    // run browser js-env code - init-after","    case 'browser':","        local.testCase_browser_nullCase = local.testCase_browser_nullCase || function (","            options,","            onError","        ) {","        /*","         * this function will test browsers's null-case handling-behavior-behavior","         */","            onError(null, options);","        };","","        // run tests","        local.nop(local.modeTest &&","            document.querySelector('#testRunButton1') &&","            document.querySelector('#testRunButton1').click());","        break;","","","","    // run node js-env code - init-after","    /* istanbul ignore next */","    case 'node':","        local.testCase_buildApidoc_default = local.testCase_buildApidoc_default || function (","            options,","            onError","        ) {","        /*","         * this function will test buildApidoc's default handling-behavior-behavior","         */","            options = { modulePathList: module.paths };","            local.buildApidoc(options, onError);","        };","","        local.testCase_buildApp_default = local.testCase_buildApp_default || function (","            options,","            onError","        ) {","        /*","         * this function will test buildApp's default handling-behavior-behavior","         */","            local.testCase_buildReadme_default(options, local.onErrorThrow);","            local.testCase_buildLib_default(options, local.onErrorThrow);","            local.testCase_buildTest_default(options, local.onErrorThrow);","            local.testCase_buildCustomOrg_default(options, local.onErrorThrow);","            options = [];","            local.buildApp(options, onError);","        };","","        local.testCase_buildCustomOrg_default = local.testCase_buildCustomOrg_default ||","            function (options, onError) {","            /*","             * this function will test buildCustomOrg's default handling-behavior","             */","                options = {};","                local.buildCustomOrg(options, onError);","            };","","        local.testCase_buildLib_default = local.testCase_buildLib_default || function (","            options,","            onError","        ) {","        /*","         * this function will test buildLib's default handling-behavior","         */","            options = {};","            local.buildLib(options, onError);","        };","","        local.testCase_buildReadme_default = local.testCase_buildReadme_default || function (","            options,","            onError","        ) {","        /*","         * this function will test buildReadme's default handling-behavior-behavior","         */","            options = {};","            local.buildReadme(options, onError);","        };","","        local.testCase_buildTest_default = local.testCase_buildTest_default || function (","            options,","            onError","        ) {","        /*","         * this function will test buildTest's default handling-behavior","         */","            options = {};","            local.buildTest(options, onError);","        };","","        local.testCase_webpage_default = local.testCase_webpage_default || function (","            options,","            onError","        ) {","        /*","         * this function will test webpage's default handling-behavior","         */","            options = { modeCoverageMerge: true, url: local.serverLocalHost + '?modeTest=1' };","            local.browserTest(options, onError);","        };","","        // run test-server","        local.testRunServer(local);","        break;","    }","}());",""],"l":{"12":2,"14":2,"19":2,"21":2,"23":2,"24":2,"25":2,"30":1,"37":2,"40":2,"43":1,"47":1,"50":1,"52":1,"55":2,"61":2,"62":2,"64":2,"70":1,"76":1,"82":2,"83":2,"85":2,"91":1,"98":1,"102":1,"105":1,"112":1,"119":1,"120":1,"123":1,"130":1,"131":1,"132":1,"133":1,"134":1,"135":1,"138":1,"143":2,"144":2,"147":1,"154":2,"155":2,"158":1,"165":2,"166":2,"169":1,"176":2,"177":2,"180":1,"187":1,"188":1,"192":1,"193":1}},"/home/travis/build/npmtest/node-npmtest-mingo/lib.npmtest_mingo.js":{"path":"/home/travis/build/npmtest/node-npmtest-mingo/lib.npmtest_mingo.js","s":{"1":2,"2":2,"3":2,"4":2,"5":2,"6":2,"7":2,"8":1,"9":2,"10":2,"11":2,"12":2,"13":1,"14":1,"15":1,"16":1},"b":{"1":[2,1,1,1],"2":[1,1,1,1],"3":[1,1],"4":[2,2],"5":[1,1]},"f":{"1":2,"2":2,"3":2},"fnMap":{"1":{"name":"(anonymous_1)","line":12,"loc":{"start":{"line":12,"column":1},"end":{"line":12,"column":13}}},"2":{"name":"(anonymous_2)","line":19,"loc":{"start":{"line":19,"column":5},"end":{"line":19,"column":17}}},"3":{"name":"(anonymous_3)","line":23,"loc":{"start":{"line":23,"column":24},"end":{"line":23,"column":36}}}},"statementMap":{"1":{"start":{"line":12,"column":0},"end":{"line":53,"column":5}},"2":{"start":{"line":14,"column":4},"end":{"line":14,"column":14}},"3":{"start":{"line":19,"column":4},"end":{"line":52,"column":9}},"4":{"start":{"line":21,"column":8},"end":{"line":21,"column":19}},"5":{"start":{"line":23,"column":8},"end":{"line":35,"column":13}},"6":{"start":{"line":24,"column":12},"end":{"line":34,"column":13}},"7":{"start":{"line":25,"column":16},"end":{"line":28,"column":30}},"8":{"start":{"line":30,"column":16},"end":{"line":33,"column":27}},"9":{"start":{"line":37,"column":8},"end":{"line":39,"column":21}},"10":{"start":{"line":41,"column":8},"end":{"line":41,"column":54}},"11":{"start":{"line":43,"column":8},"end":{"line":43,"column":50}},"12":{"start":{"line":45,"column":8},"end":{"line":51,"column":9}},"13":{"start":{"line":46,"column":12},"end":{"line":46,"column":56}},"14":{"start":{"line":48,"column":12},"end":{"line":48,"column":35}},"15":{"start":{"line":49,"column":12},"end":{"line":49,"column":49}},"16":{"start":{"line":50,"column":12},"end":{"line":50,"column":43}}},"branchMap":{"1":{"line":25,"type":"binary-expr","locations":[{"start":{"line":25,"column":23},"end":{"line":25,"column":62}},{"start":{"line":26,"column":20},"end":{"line":26,"column":70}},{"start":{"line":27,"column":20},"end":{"line":27,"column":71}},{"start":{"line":28,"column":20},"end":{"line":28,"column":29}}]},"2":{"line":30,"type":"binary-expr","locations":[{"start":{"line":30,"column":23},"end":{"line":30,"column":37}},{"start":{"line":31,"column":20},"end":{"line":31,"column":61}},{"start":{"line":32,"column":20},"end":{"line":32,"column":70}},{"start":{"line":33,"column":20},"end":{"line":33,"column":26}}]},"3":{"line":37,"type":"cond-expr","locations":[{"start":{"line":38,"column":14},"end":{"line":38,"column":20}},{"start":{"line":39,"column":14},"end":{"line":39,"column":20}}]},"4":{"line":41,"type":"binary-expr","locations":[{"start":{"line":41,"column":16},"end":{"line":41,"column":44}},{"start":{"line":41,"column":48},"end":{"line":41,"column":53}}]},"5":{"line":45,"type":"if","locations":[{"start":{"line":45,"column":8},"end":{"line":45,"column":8}},{"start":{"line":45,"column":8},"end":{"line":45,"column":8}}]}},"code":["/* istanbul instrument in package npmtest_mingo */","/*jslint","    bitwise: true,","    browser: true,","    maxerr: 8,","    maxlen: 96,","    node: true,","    nomen: true,","    regexp: true,","    stupid: true","*/","(function () {","    'use strict';","    var local;","","","","    // run shared js-env code - init-before","    (function () {","        // init local","        local = {};","        // init modeJs","        local.modeJs = (function () {","            try {","                return typeof navigator.userAgent === 'string' &&","                    typeof document.querySelector('body') === 'object' &&","                    typeof XMLHttpRequest.prototype.open === 'function' &&","                    'browser';","            } catch (errorCaughtBrowser) {","                return module.exports &&","                    typeof process.versions.node === 'string' &&","                    typeof require('http').createServer === 'function' &&","                    'node';","            }","        }());","        // init global","        local.global = local.modeJs === 'browser'","            ? window","            : global;","        // init utility2_rollup","        local = local.global.utility2_rollup || local;","        // init lib","        local.local = local.npmtest_mingo = local;","        // init exports","        if (local.modeJs === 'browser') {","            local.global.utility2_npmtest_mingo = local;","        } else {","            module.exports = local;","            module.exports.__dirname = __dirname;","            module.exports.module = module;","        }","    }());","}());",""],"l":{"12":2,"14":2,"19":2,"21":2,"23":2,"24":2,"25":2,"30":1,"37":2,"41":2,"43":2,"45":2,"46":1,"48":1,"49":1,"50":1}},"/home/travis/build/npmtest/node-npmtest-mingo/example.js":{"path":"/home/travis/build/npmtest/node-npmtest-mingo/example.js","s":{"1":2,"2":2,"3":2,"4":2,"5":2,"6":2,"7":2,"8":1,"9":2,"10":2,"11":2,"12":2,"13":1,"14":2,"15":2,"16":2,"17":2,"18":2,"19":0,"20":2,"21":1,"22":1,"23":1,"24":1,"25":1,"26":0,"27":0,"28":1,"29":1,"30":2,"31":0,"32":0,"33":0,"34":1,"35":2,"36":2,"37":3,"38":3,"39":3,"40":3,"41":0,"42":3,"43":3,"44":3,"45":1,"46":3,"47":1,"48":1,"49":1,"50":1,"51":1,"52":1,"53":1,"54":1,"55":1,"56":1,"57":0,"58":1,"59":6,"60":6,"61":1,"62":2,"63":0,"64":2,"65":1,"66":1,"67":0,"68":0,"69":0,"70":0,"71":0,"72":0,"73":0,"74":0,"75":0,"76":0,"77":0,"78":0,"79":0,"80":0,"81":0,"82":0,"83":0},"b":{"1":[2,1,1,1],"2":[1,1,1,1],"3":[1,1],"4":[2,2],"5":[1,1],"6":[1,1],"7":[2,0],"8":[2,1,1,1,1,1],"9":[0,2,0],"10":[1,1],"11":[2,1,1],"12":[1,0],"13":[0,2],"14":[2,0,0,0,0,0,0],"15":[0,3],"16":[3,0],"17":[1,1],"18":[0,1],"19":[1,2,0,2],"20":[1,0],"21":[1,1],"22":[0,0],"23":[0,0],"24":[0,0],"25":[0,0],"26":[0,0],"27":[0,0],"28":[0,0]},"f":{"1":2,"2":2,"3":2,"4":2,"5":2,"6":2,"7":3,"8":3,"9":3,"10":1,"11":6,"12":0},"fnMap":{"1":{"name":"(anonymous_1)","line":26,"loc":{"start":{"line":26,"column":1},"end":{"line":26,"column":13}}},"2":{"name":"(anonymous_2)","line":33,"loc":{"start":{"line":33,"column":5},"end":{"line":33,"column":17}}},"3":{"name":"(anonymous_3)","line":37,"loc":{"start":{"line":37,"column":24},"end":{"line":37,"column":36}}},"4":{"name":"(anonymous_4)","line":69,"loc":{"start":{"line":69,"column":31},"end":{"line":69,"column":48}},"skip":true},"5":{"name":"(anonymous_5)","line":78,"loc":{"start":{"line":78,"column":26},"end":{"line":78,"column":45}},"skip":true},"6":{"name":"(anonymous_6)","line":123,"loc":{"start":{"line":123,"column":33},"end":{"line":123,"column":48}},"skip":true},"7":{"name":"(anonymous_7)","line":125,"loc":{"start":{"line":125,"column":27},"end":{"line":125,"column":39}},"skip":true},"8":{"name":"(anonymous_8)","line":133,"loc":{"start":{"line":133,"column":59},"end":{"line":133,"column":74}},"skip":true},"9":{"name":"(anonymous_9)","line":143,"loc":{"start":{"line":143,"column":45},"end":{"line":143,"column":62}},"skip":true},"10":{"name":"(anonymous_10)","line":144,"loc":{"start":{"line":144,"column":73},"end":{"line":144,"column":92}},"skip":true},"11":{"name":"(anonymous_11)","line":272,"loc":{"start":{"line":272,"column":51},"end":{"line":272,"column":77}},"skip":true},"12":{"name":"(anonymous_12)","line":315,"loc":{"start":{"line":315,"column":32},"end":{"line":315,"column":61}},"skip":true}},"statementMap":{"1":{"start":{"line":26,"column":0},"end":{"line":326,"column":5}},"2":{"start":{"line":28,"column":4},"end":{"line":28,"column":14}},"3":{"start":{"line":33,"column":4},"end":{"line":60,"column":9}},"4":{"start":{"line":35,"column":8},"end":{"line":35,"column":19}},"5":{"start":{"line":37,"column":8},"end":{"line":49,"column":13}},"6":{"start":{"line":38,"column":12},"end":{"line":48,"column":13}},"7":{"start":{"line":39,"column":16},"end":{"line":42,"column":30}},"8":{"start":{"line":44,"column":16},"end":{"line":47,"column":27}},"9":{"start":{"line":51,"column":8},"end":{"line":53,"column":21}},"10":{"start":{"line":55,"column":8},"end":{"line":57,"column":45}},"11":{"start":{"line":59,"column":8},"end":{"line":59,"column":35}},"12":{"start":{"line":61,"column":4},"end":{"line":325,"column":5}},"13":{"start":{"line":69,"column":8},"end":{"line":121,"column":10},"skip":true},"14":{"start":{"line":70,"column":12},"end":{"line":88,"column":13},"skip":true},"15":{"start":{"line":76,"column":16},"end":{"line":87,"column":19},"skip":true},"16":{"start":{"line":79,"column":20},"end":{"line":86,"column":21},"skip":true},"17":{"start":{"line":82,"column":24},"end":{"line":82,"column":43},"skip":true},"18":{"start":{"line":83,"column":24},"end":{"line":83,"column":30},"skip":true},"19":{"start":{"line":85,"column":24},"end":{"line":85,"column":49},"skip":true},"20":{"start":{"line":89,"column":12},"end":{"line":107,"column":13},"skip":true},"21":{"start":{"line":92,"column":16},"end":{"line":102,"column":17},"skip":true},"22":{"start":{"line":93,"column":20},"end":{"line":93,"column":86},"skip":true},"23":{"start":{"line":94,"column":20},"end":{"line":95,"column":45},"skip":true},"24":{"start":{"line":96,"column":20},"end":{"line":96,"column":42},"skip":true},"25":{"start":{"line":97,"column":20},"end":{"line":97,"column":48},"skip":true},"26":{"start":{"line":100,"column":20},"end":{"line":100,"column":85},"skip":true},"27":{"start":{"line":101,"column":20},"end":{"line":101,"column":96},"skip":true},"28":{"start":{"line":103,"column":16},"end":{"line":103,"column":22},"skip":true},"29":{"start":{"line":106,"column":16},"end":{"line":106,"column":22},"skip":true},"30":{"start":{"line":108,"column":12},"end":{"line":120,"column":13},"skip":true},"31":{"start":{"line":114,"column":16},"end":{"line":119,"column":17},"skip":true},"32":{"start":{"line":116,"column":20},"end":{"line":116,"column":78},"skip":true},"33":{"start":{"line":118,"column":20},"end":{"line":118,"column":47},"skip":true},"34":{"start":{"line":123,"column":8},"end":{"line":141,"column":11},"skip":true},"35":{"start":{"line":124,"column":12},"end":{"line":124,"column":54},"skip":true},"36":{"start":{"line":125,"column":12},"end":{"line":140,"column":14},"skip":true},"37":{"start":{"line":126,"column":16},"end":{"line":126,"column":28},"skip":true},"38":{"start":{"line":127,"column":16},"end":{"line":127,"column":69},"skip":true},"39":{"start":{"line":128,"column":16},"end":{"line":128,"column":75},"skip":true},"40":{"start":{"line":129,"column":16},"end":{"line":131,"column":17},"skip":true},"41":{"start":{"line":130,"column":20},"end":{"line":130,"column":27},"skip":true},"42":{"start":{"line":133,"column":16},"end":{"line":137,"column":36},"skip":true},"43":{"start":{"line":134,"column":20},"end":{"line":136,"column":55},"skip":true},"44":{"start":{"line":139,"column":16},"end":{"line":139,"column":57},"skip":true},"45":{"start":{"line":143,"column":8},"end":{"line":147,"column":11},"skip":true},"46":{"start":{"line":144,"column":12},"end":{"line":146,"column":15},"skip":true},"47":{"start":{"line":145,"column":16},"end":{"line":145,"column":70},"skip":true},"48":{"start":{"line":149,"column":8},"end":{"line":149,"column":31},"skip":true},"49":{"start":{"line":150,"column":8},"end":{"line":150,"column":14},"skip":true},"50":{"start":{"line":158,"column":8},"end":{"line":158,"column":31},"skip":true},"51":{"start":{"line":160,"column":8},"end":{"line":160,"column":33},"skip":true},"52":{"start":{"line":161,"column":8},"end":{"line":161,"column":37},"skip":true},"53":{"start":{"line":162,"column":8},"end":{"line":162,"column":35},"skip":true},"54":{"start":{"line":164,"column":8},"end":{"line":164,"column":50},"skip":true},"55":{"start":{"line":166,"column":8},"end":{"line":256,"column":2},"skip":true},"56":{"start":{"line":258,"column":8},"end":{"line":286,"column":9},"skip":true},"57":{"start":{"line":259,"column":12},"end":{"line":269,"column":14},"skip":true},"58":{"start":{"line":271,"column":12},"end":{"line":285,"column":19},"skip":true},"59":{"start":{"line":274,"column":20},"end":{"line":274,"column":35},"skip":true},"60":{"start":{"line":275,"column":20},"end":{"line":284,"column":21},"skip":true},"61":{"start":{"line":277,"column":24},"end":{"line":277,"column":64},"skip":true},"62":{"start":{"line":279,"column":24},"end":{"line":279,"column":40},"skip":true},"63":{"start":{"line":281,"column":24},"end":{"line":281,"column":40},"skip":true},"64":{"start":{"line":283,"column":24},"end":{"line":283,"column":39},"skip":true},"65":{"start":{"line":288,"column":8},"end":{"line":290,"column":9},"skip":true},"66":{"start":{"line":289,"column":12},"end":{"line":289,"column":18},"skip":true},"67":{"start":{"line":291,"column":8},"end":{"line":293,"column":54},"skip":true},"68":{"start":{"line":296,"column":8},"end":{"line":301,"column":37},"skip":true},"69":{"start":{"line":303,"column":8},"end":{"line":303,"column":82},"skip":true},"70":{"start":{"line":306,"column":8},"end":{"line":308,"column":9},"skip":true},"71":{"start":{"line":307,"column":12},"end":{"line":307,"column":82},"skip":true},"72":{"start":{"line":310,"column":8},"end":{"line":312,"column":9},"skip":true},"73":{"start":{"line":311,"column":12},"end":{"line":311,"column":18},"skip":true},"74":{"start":{"line":313,"column":8},"end":{"line":313,"column":54},"skip":true},"75":{"start":{"line":314,"column":8},"end":{"line":314,"column":69},"skip":true},"76":{"start":{"line":315,"column":8},"end":{"line":323,"column":36},"skip":true},"77":{"start":{"line":316,"column":12},"end":{"line":316,"column":61},"skip":true},"78":{"start":{"line":317,"column":12},"end":{"line":320,"column":13},"skip":true},"79":{"start":{"line":318,"column":16},"end":{"line":318,"column":75},"skip":true},"80":{"start":{"line":319,"column":16},"end":{"line":319,"column":23},"skip":true},"81":{"start":{"line":321,"column":12},"end":{"line":321,"column":38},"skip":true},"82":{"start":{"line":322,"column":12},"end":{"line":322,"column":27},"skip":true},"83":{"start":{"line":324,"column":8},"end":{"line":324,"column":14},"skip":true}},"branchMap":{"1":{"line":39,"type":"binary-expr","locations":[{"start":{"line":39,"column":23},"end":{"line":39,"column":62}},{"start":{"line":40,"column":20},"end":{"line":40,"column":70}},{"start":{"line":41,"column":20},"end":{"line":41,"column":71}},{"start":{"line":42,"column":20},"end":{"line":42,"column":29}}]},"2":{"line":44,"type":"binary-expr","locations":[{"start":{"line":44,"column":23},"end":{"line":44,"column":37}},{"start":{"line":45,"column":20},"end":{"line":45,"column":61}},{"start":{"line":46,"column":20},"end":{"line":46,"column":70}},{"start":{"line":47,"column":20},"end":{"line":47,"column":26}}]},"3":{"line":51,"type":"cond-expr","locations":[{"start":{"line":52,"column":14},"end":{"line":52,"column":20}},{"start":{"line":53,"column":14},"end":{"line":53,"column":20}}]},"4":{"line":55,"type":"binary-expr","locations":[{"start":{"line":55,"column":16},"end":{"line":55,"column":44}},{"start":{"line":55,"column":49},"end":{"line":57,"column":43}}]},"5":{"line":55,"type":"cond-expr","locations":[{"start":{"line":56,"column":14},"end":{"line":56,"column":49}},{"start":{"line":57,"column":14},"end":{"line":57,"column":43}}]},"6":{"line":61,"type":"switch","locations":[{"start":{"line":68,"column":4},"end":{"line":150,"column":14},"skip":true},{"start":{"line":156,"column":4},"end":{"line":324,"column":14},"skip":true}]},"7":{"line":70,"type":"if","locations":[{"start":{"line":70,"column":12},"end":{"line":70,"column":12},"skip":true},{"start":{"line":70,"column":12},"end":{"line":70,"column":12},"skip":true}]},"8":{"line":70,"type":"binary-expr","locations":[{"start":{"line":70,"column":16},"end":{"line":70,"column":22},"skip":true},{"start":{"line":70,"column":27},"end":{"line":70,"column":32},"skip":true},{"start":{"line":71,"column":20},"end":{"line":71,"column":39},"skip":true},{"start":{"line":72,"column":20},"end":{"line":72,"column":49},"skip":true},{"start":{"line":73,"column":20},"end":{"line":73,"column":58},"skip":true},{"start":{"line":74,"column":20},"end":{"line":74,"column":69},"skip":true}]},"9":{"line":79,"type":"switch","locations":[{"start":{"line":80,"column":20},"end":{"line":80,"column":33},"skip":true},{"start":{"line":81,"column":20},"end":{"line":83,"column":30},"skip":true},{"start":{"line":84,"column":20},"end":{"line":85,"column":49},"skip":true}]},"10":{"line":89,"type":"switch","locations":[{"start":{"line":90,"column":12},"end":{"line":103,"column":22},"skip":true},{"start":{"line":105,"column":12},"end":{"line":106,"column":22},"skip":true}]},"11":{"line":89,"type":"binary-expr","locations":[{"start":{"line":89,"column":20},"end":{"line":89,"column":25},"skip":true},{"start":{"line":89,"column":29},"end":{"line":89,"column":48},"skip":true},{"start":{"line":89,"column":52},"end":{"line":89,"column":74},"skip":true}]},"12":{"line":92,"type":"if","locations":[{"start":{"line":92,"column":16},"end":{"line":92,"column":16},"skip":true},{"start":{"line":92,"column":16},"end":{"line":92,"column":16},"skip":true}]},"13":{"line":108,"type":"if","locations":[{"start":{"line":108,"column":12},"end":{"line":108,"column":12},"skip":true},{"start":{"line":108,"column":12},"end":{"line":108,"column":12},"skip":true}]},"14":{"line":108,"type":"binary-expr","locations":[{"start":{"line":108,"column":16},"end":{"line":108,"column":61},"skip":true},{"start":{"line":108,"column":66},"end":{"line":108,"column":72},"skip":true},{"start":{"line":108,"column":77},"end":{"line":108,"column":82},"skip":true},{"start":{"line":109,"column":20},"end":{"line":109,"column":39},"skip":true},{"start":{"line":110,"column":20},"end":{"line":110,"column":49},"skip":true},{"start":{"line":111,"column":20},"end":{"line":111,"column":58},"skip":true},{"start":{"line":112,"column":20},"end":{"line":112,"column":68},"skip":true}]},"15":{"line":129,"type":"if","locations":[{"start":{"line":129,"column":16},"end":{"line":129,"column":16},"skip":true},{"start":{"line":129,"column":16},"end":{"line":129,"column":16},"skip":true}]},"16":{"line":134,"type":"cond-expr","locations":[{"start":{"line":135,"column":26},"end":{"line":135,"column":29},"skip":true},{"start":{"line":136,"column":26},"end":{"line":136,"column":54},"skip":true}]},"17":{"line":164,"type":"binary-expr","locations":[{"start":{"line":164,"column":27},"end":{"line":164,"column":43},"skip":true},{"start":{"line":164,"column":47},"end":{"line":164,"column":49},"skip":true}]},"18":{"line":258,"type":"if","locations":[{"start":{"line":258,"column":8},"end":{"line":258,"column":8},"skip":true},{"start":{"line":258,"column":8},"end":{"line":258,"column":8},"skip":true}]},"19":{"line":275,"type":"switch","locations":[{"start":{"line":276,"column":20},"end":{"line":277,"column":64},"skip":true},{"start":{"line":278,"column":20},"end":{"line":279,"column":40},"skip":true},{"start":{"line":280,"column":20},"end":{"line":281,"column":40},"skip":true},{"start":{"line":282,"column":20},"end":{"line":283,"column":39},"skip":true}]},"20":{"line":288,"type":"if","locations":[{"start":{"line":288,"column":8},"end":{"line":288,"column":8},"skip":true},{"start":{"line":288,"column":8},"end":{"line":288,"column":8},"skip":true}]},"21":{"line":288,"type":"binary-expr","locations":[{"start":{"line":288,"column":12},"end":{"line":288,"column":40},"skip":true},{"start":{"line":288,"column":44},"end":{"line":288,"column":67},"skip":true}]},"22":{"line":292,"type":"binary-expr","locations":[{"start":{"line":292,"column":12},"end":{"line":292,"column":50},"skip":true},{"start":{"line":293,"column":12},"end":{"line":293,"column":53},"skip":true}]},"23":{"line":297,"type":"binary-expr","locations":[{"start":{"line":297,"column":12},"end":{"line":297,"column":63},"skip":true},{"start":{"line":298,"column":12},"end":{"line":301,"column":36},"skip":true}]},"24":{"line":303,"type":"binary-expr","locations":[{"start":{"line":303,"column":43},"end":{"line":303,"column":75},"skip":true},{"start":{"line":303,"column":79},"end":{"line":303,"column":81},"skip":true}]},"25":{"line":306,"type":"if","locations":[{"start":{"line":306,"column":8},"end":{"line":306,"column":8},"skip":true},{"start":{"line":306,"column":8},"end":{"line":306,"column":8},"skip":true}]},"26":{"line":310,"type":"if","locations":[{"start":{"line":310,"column":8},"end":{"line":310,"column":8},"skip":true},{"start":{"line":310,"column":8},"end":{"line":310,"column":8},"skip":true}]},"27":{"line":313,"type":"binary-expr","locations":[{"start":{"line":313,"column":27},"end":{"line":313,"column":43},"skip":true},{"start":{"line":313,"column":47},"end":{"line":313,"column":53},"skip":true}]},"28":{"line":317,"type":"if","locations":[{"start":{"line":317,"column":12},"end":{"line":317,"column":12},"skip":true},{"start":{"line":317,"column":12},"end":{"line":317,"column":12},"skip":true}]}},"code":["/*","example.js","","quickstart example","","instruction","    1. save this script as example.js","    2. run the shell command:","        $ npm install npmtest-mingo && PORT=8081 node example.js","    3. play with the browser-demo on http://127.0.0.1:8081","*/","","","","/* istanbul instrument in package npmtest_mingo */","/*jslint","    bitwise: true,","    browser: true,","    maxerr: 8,","    maxlen: 96,","    node: true,","    nomen: true,","    regexp: true,","    stupid: true","*/","(function () {","    'use strict';","    var local;","","","","    // run shared js-env code - init-before","    (function () {","        // init local","        local = {};","        // init modeJs","        local.modeJs = (function () {","            try {","                return typeof navigator.userAgent === 'string' &&","                    typeof document.querySelector('body') === 'object' &&","                    typeof XMLHttpRequest.prototype.open === 'function' &&","                    'browser';","            } catch (errorCaughtBrowser) {","                return module.exports &&","                    typeof process.versions.node === 'string' &&","                    typeof require('http').createServer === 'function' &&","                    'node';","            }","        }());","        // init global","        local.global = local.modeJs === 'browser'","            ? window","            : global;","        // init utility2_rollup","        local = local.global.utility2_rollup || (local.modeJs === 'browser'","            ? local.global.utility2_npmtest_mingo","            : global.utility2_moduleExports);","        // export local","        local.global.local = local;","    }());","    switch (local.modeJs) {","","","","    // init-after","    // run browser js-env code - init-after","    /* istanbul ignore next */","    case 'browser':","        local.testRunBrowser = function (event) {","            if (!event || (event &&","                    event.currentTarget &&","                    event.currentTarget.className &&","                    event.currentTarget.className.includes &&","                    event.currentTarget.className.includes('onreset'))) {","                // reset output","                Array.from(","                    document.querySelectorAll('body > .resettable')","                ).forEach(function (element) {","                    switch (element.tagName) {","                    case 'INPUT':","                    case 'TEXTAREA':","                        element.value = '';","                        break;","                    default:","                        element.textContent = '';","                    }","                });","            }","            switch (event && event.currentTarget && event.currentTarget.id) {","            case 'testRunButton1':","                // show tests","                if (document.querySelector('#testReportDiv1').style.display === 'none') {","                    document.querySelector('#testReportDiv1').style.display = 'block';","                    document.querySelector('#testRunButton1').textContent =","                        'hide internal test';","                    local.modeTest = true;","                    local.testRunDefault(local);","                // hide tests","                } else {","                    document.querySelector('#testReportDiv1').style.display = 'none';","                    document.querySelector('#testRunButton1').textContent = 'run internal test';","                }","                break;","            // custom-case","            default:","                break;","            }","            if (document.querySelector('#inputTextareaEval1') && (!event || (event &&","                    event.currentTarget &&","                    event.currentTarget.className &&","                    event.currentTarget.className.includes &&","                    event.currentTarget.className.includes('oneval')))) {","                // try to eval input-code","                try {","                    /*jslint evil: true*/","                    eval(document.querySelector('#inputTextareaEval1').value);","                } catch (errorCaught) {","                    console.error(errorCaught);","                }","            }","        };","        // log stderr and stdout to #outputTextareaStdout1","        ['error', 'log'].forEach(function (key) {","            console[key + '_original'] = console[key];","            console[key] = function () {","                var element;","                console[key + '_original'].apply(console, arguments);","                element = document.querySelector('#outputTextareaStdout1');","                if (!element) {","                    return;","                }","                // append text to #outputTextareaStdout1","                element.value += Array.from(arguments).map(function (arg) {","                    return typeof arg === 'string'","                        ? arg","                        : JSON.stringify(arg, null, 4);","                }).join(' ') + '\\n';","                // scroll textarea to bottom","                element.scrollTop = element.scrollHeight;","            };","        });","        // init event-handling","        ['change', 'click', 'keyup'].forEach(function (event) {","            Array.from(document.querySelectorAll('.on' + event)).forEach(function (element) {","                element.addEventListener(event, local.testRunBrowser);","            });","        });","        // run tests","        local.testRunBrowser();","        break;","","","","    // run node js-env code - init-after","    /* istanbul ignore next */","    case 'node':","        // export local","        module.exports = local;","        // require modules","        local.fs = require('fs');","        local.http = require('http');","        local.url = require('url');","        // init assets","        local.assetsDict = local.assetsDict || {};","        /* jslint-ignore-begin */","        local.assetsDict['/assets.index.template.html'] = '\\","<!doctype html>\\n\\","<html lang=\"en\">\\n\\","<head>\\n\\","<meta charset=\"UTF-8\">\\n\\","<meta name=\"viewport\" content=\"width=device-width, initial-scale=1\">\\n\\","<title>{{env.npm_package_name}} (v{{env.npm_package_version}})</title>\\n\\","<style>\\n\\","/*csslint\\n\\","    box-sizing: false,\\n\\","    universal-selector: false\\n\\","*/\\n\\","* {\\n\\","    box-sizing: border-box;\\n\\","}\\n\\","body {\\n\\","    background: #dde;\\n\\","    font-family: Arial, Helvetica, sans-serif;\\n\\","    margin: 2rem;\\n\\","}\\n\\","body > * {\\n\\","    margin-bottom: 1rem;\\n\\","}\\n\\",".utility2FooterDiv {\\n\\","    margin-top: 20px;\\n\\","    text-align: center;\\n\\","}\\n\\","</style>\\n\\","<style>\\n\\","/*csslint\\n\\","*/\\n\\","textarea {\\n\\","    font-family: monospace;\\n\\","    height: 10rem;\\n\\","    width: 100%;\\n\\","}\\n\\","textarea[readonly] {\\n\\","    background: #ddd;\\n\\","}\\n\\","</style>\\n\\","</head>\\n\\","<body>\\n\\","<!-- utility2-comment\\n\\","<div id=\"ajaxProgressDiv1\" style=\"background: #d00; height: 2px; left: 0; margin: 0; padding: 0; position: fixed; top: 0; transition: background 0.5s, width 1.5s; width: 25%;\"></div>\\n\\","utility2-comment -->\\n\\","<h1>\\n\\","<!-- utility2-comment\\n\\","    <a\\n\\","        {{#if env.npm_package_homepage}}\\n\\","        href=\"{{env.npm_package_homepage}}\"\\n\\","        {{/if env.npm_package_homepage}}\\n\\","        target=\"_blank\"\\n\\","    >\\n\\","utility2-comment -->\\n\\","        {{env.npm_package_name}} (v{{env.npm_package_version}})\\n\\","<!-- utility2-comment\\n\\","    </a>\\n\\","utility2-comment -->\\n\\","</h1>\\n\\","<h3>{{env.npm_package_description}}</h3>\\n\\","<!-- utility2-comment\\n\\","<h4><a download href=\"assets.app.js\">download standalone app</a></h4>\\n\\","<button class=\"onclick onreset\" id=\"testRunButton1\">run internal test</button><br>\\n\\","<div id=\"testReportDiv1\" style=\"display: none;\"></div>\\n\\","utility2-comment -->\\n\\","\\n\\","\\n\\","\\n\\","<label>stderr and stdout</label>\\n\\","<textarea class=\"resettable\" id=\"outputTextareaStdout1\" readonly></textarea>\\n\\","<!-- utility2-comment\\n\\","{{#if isRollup}}\\n\\","<script src=\"assets.app.js\"></script>\\n\\","{{#unless isRollup}}\\n\\","utility2-comment -->\\n\\","<script src=\"assets.utility2.rollup.js\"></script>\\n\\","<script src=\"jsonp.utility2._stateInit?callback=window.utility2._stateInit\"></script>\\n\\","<script src=\"assets.npmtest_mingo.rollup.js\"></script>\\n\\","<script src=\"assets.example.js\"></script>\\n\\","<script src=\"assets.test.js\"></script>\\n\\","<!-- utility2-comment\\n\\","{{/if isRollup}}\\n\\","utility2-comment -->\\n\\","<div class=\"utility2FooterDiv\">\\n\\","    [ this app was created with\\n\\","    <a href=\"https://github.com/kaizhu256/node-utility2\" target=\"_blank\">utility2</a>\\n\\","    ]\\n\\","</div>\\n\\","</body>\\n\\","</html>\\n\\","';","        /* jslint-ignore-end */","        if (local.templateRender) {","            local.assetsDict['/'] = local.templateRender(","                local.assetsDict['/assets.index.template.html'],","                {","                    env: local.objectSetDefault(local.env, {","                        npm_package_description: 'the greatest app in the world!',","                        npm_package_name: 'my-app',","                        npm_package_nameAlias: 'my_app',","                        npm_package_version: '0.0.1'","                    })","                }","            );","        } else {","            local.assetsDict['/'] = local.assetsDict['/assets.index.template.html']","                .replace((/\\{\\{env\\.(\\w+?)\\}\\}/g), function (match0, match1) {","                    // jslint-hack","                    String(match0);","                    switch (match1) {","                    case 'npm_package_description':","                        return 'the greatest app in the world!';","                    case 'npm_package_name':","                        return 'my-app';","                    case 'npm_package_nameAlias':","                        return 'my_app';","                    case 'npm_package_version':","                        return '0.0.1';","                    }","                });","        }","        // run the cli","        if (local.global.utility2_rollup || module !== require.main) {","            break;","        }","        local.assetsDict['/assets.example.js'] =","            local.assetsDict['/assets.example.js'] ||","            local.fs.readFileSync(__filename, 'utf8');","        // bug-workaround - long $npm_package_buildCustomOrg","        /* jslint-ignore-begin */","        local.assetsDict['/assets.npmtest_mingo.rollup.js'] =","            local.assetsDict['/assets.npmtest_mingo.rollup.js'] ||","            local.fs.readFileSync(","                local.npmtest_mingo.__dirname + '/lib.npmtest_mingo.js',","                'utf8'","            ).replace((/^#!/), '//');","        /* jslint-ignore-end */","        local.assetsDict['/favicon.ico'] = local.assetsDict['/favicon.ico'] || '';","        // if $npm_config_timeout_exit exists,","        // then exit this process after $npm_config_timeout_exit ms","        if (Number(process.env.npm_config_timeout_exit)) {","            setTimeout(process.exit, Number(process.env.npm_config_timeout_exit));","        }","        // start server","        if (local.global.utility2_serverHttp1) {","            break;","        }","        process.env.PORT = process.env.PORT || '8081';","        console.error('server starting on port ' + process.env.PORT);","        local.http.createServer(function (request, response) {","            request.urlParsed = local.url.parse(request.url);","            if (local.assetsDict[request.urlParsed.pathname] !== undefined) {","                response.end(local.assetsDict[request.urlParsed.pathname]);","                return;","            }","            response.statusCode = 404;","            response.end();","        }).listen(process.env.PORT);","        break;","    }","}());",""],"l":{"26":2,"28":2,"33":2,"35":2,"37":2,"38":2,"39":2,"44":1,"51":2,"55":2,"59":2,"61":2,"69":1,"70":2,"76":2,"79":2,"82":2,"83":2,"85":1,"89":2,"92":1,"93":1,"94":1,"96":1,"97":1,"100":1,"101":1,"103":1,"106":1,"108":2,"114":1,"116":1,"118":1,"123":1,"124":2,"125":2,"126":3,"127":3,"128":3,"129":3,"130":1,"133":3,"134":3,"139":3,"143":1,"144":3,"145":1,"149":1,"150":1,"158":1,"160":1,"161":1,"162":1,"164":1,"166":1,"258":1,"259":1,"271":1,"274":6,"275":6,"277":1,"279":2,"281":1,"283":2,"288":1,"289":1,"291":1,"296":1,"303":1,"306":1,"307":1,"310":1,"311":1,"313":1,"314":1,"315":1,"316":1,"317":1,"318":1,"319":1,"321":1,"322":1,"324":1}},"/home/travis/build/npmtest/node-npmtest-mingo/node_modules/mingo/mingo.js":{"path":"/home/travis/build/npmtest/node-npmtest-mingo/node_modules/mingo/mingo.js","s":{"1":1,"2":1,"3":1,"4":1,"5":1,"6":1,"7":0,"8":0,"9":1,"10":1,"11":1,"12":1,"13":1,"14":0,"15":0,"16":0,"17":0,"18":0,"19":0,"20":0,"21":0,"22":0,"23":0,"24":0,"25":0,"26":1,"27":0,"28":0,"29":0,"30":0,"31":0,"32":0,"33":0,"34":0,"35":0,"36":0,"37":0,"38":0,"39":0,"40":0,"41":0,"42":1,"43":0,"44":0,"45":0,"46":0,"47":0,"48":0,"49":0,"50":0,"51":0,"52":0,"53":0,"54":0,"55":0,"56":0,"57":0,"58":1,"59":0,"60":0,"61":0,"62":0,"63":0,"64":0,"65":0,"66":0,"67":0,"68":0,"69":0,"70":0,"71":0,"72":0,"73":1,"74":0,"75":0,"76":0,"77":0,"78":0,"79":0,"80":0,"81":0,"82":0,"83":0,"84":0,"85":0,"86":1,"87":0,"88":0,"89":0,"90":0,"91":0,"92":0,"93":0,"94":0,"95":1,"96":1,"97":0,"98":0,"99":0,"100":0,"101":0,"102":0,"103":0,"104":1,"105":0,"106":1,"107":2,"108":0,"109":1,"110":0,"111":1,"112":0,"113":0,"114":0,"115":0,"116":1,"117":2,"118":1,"119":0,"120":1,"121":0,"122":1,"123":0,"124":1,"125":2,"126":1,"127":0,"128":1,"129":0,"130":1,"131":0,"132":1,"133":0,"134":1,"135":0,"136":1,"137":0,"138":1,"139":0,"140":1,"141":0,"142":1,"143":0,"144":1,"145":0,"146":1,"147":0,"148":1,"149":2,"150":1,"151":0,"152":1,"153":0,"154":1,"155":4,"156":1,"157":15,"158":1,"159":0,"160":1,"161":2,"162":1,"163":2,"164":2,"165":1,"166":1,"167":15,"168":15,"169":1,"170":0,"171":0,"172":0,"173":0,"174":0,"175":0,"176":0,"177":0,"178":0,"179":0,"180":1,"181":0,"182":1,"183":0,"184":0,"185":0,"186":0,"187":1,"188":0,"189":0,"190":0,"191":0,"192":0,"193":0,"194":0,"195":0,"196":0,"197":1,"198":0,"199":0,"200":0,"201":0,"202":0,"203":0,"204":0,"205":0,"206":0,"207":0,"208":0,"209":0,"210":0,"211":0,"212":0,"213":0,"214":0,"215":0,"216":0,"217":0,"218":0,"219":0,"220":0,"221":0,"222":0,"223":0,"224":0,"225":0,"226":0,"227":0,"228":0,"229":0,"230":0,"231":0,"232":1,"233":0,"234":0,"235":0,"236":0,"237":0,"238":0,"239":0,"240":0,"241":1,"242":0,"243":1,"244":0,"245":0,"246":0,"247":0,"248":0,"249":0,"250":0,"251":0,"252":1,"253":0,"254":0,"255":0,"256":0,"257":0,"258":0,"259":0,"260":0,"261":0,"262":0,"263":0,"264":0,"265":0,"266":0,"267":0,"268":0,"269":0,"270":0,"271":0,"272":0,"273":0,"274":0,"275":0,"276":0,"277":1,"278":0,"279":0,"280":0,"281":0,"282":0,"283":0,"284":0,"285":0,"286":0,"287":0,"288":0,"289":0,"290":0,"291":0,"292":0,"293":1,"294":0,"295":1,"296":1,"297":0,"298":1,"299":0,"300":1,"301":0,"302":0,"303":1,"304":0,"305":0,"306":0,"307":0,"308":0,"309":0,"310":0,"311":0,"312":0,"313":0,"314":0,"315":0,"316":0,"317":0,"318":0,"319":0,"320":0,"321":0,"322":0,"323":1,"324":1,"325":1,"326":0,"327":1,"328":0,"329":1,"330":0,"331":0,"332":0,"333":0,"334":0,"335":0,"336":0,"337":0,"338":0,"339":0,"340":0,"341":0,"342":0,"343":0,"344":0,"345":0,"346":1,"347":0,"348":0,"349":0,"350":0,"351":0,"352":0,"353":0,"354":0,"355":0,"356":0,"357":0,"358":0,"359":0,"360":0,"361":0,"362":0,"363":0,"364":0,"365":0,"366":0,"367":0,"368":0,"369":0,"370":0,"371":0,"372":0,"373":0,"374":0,"375":0,"376":0,"377":0,"378":1,"379":0,"380":0,"381":0,"382":0,"383":0,"384":0,"385":0,"386":0,"387":0,"388":0,"389":0,"390":0,"391":0,"392":1,"393":0,"394":0,"395":1,"396":0,"397":0,"398":0,"399":0,"400":0,"401":1,"402":1,"403":0,"404":0,"405":0,"406":0,"407":1,"408":0,"409":1,"410":0,"411":0,"412":0,"413":0,"414":0,"415":0,"416":0,"417":0,"418":0,"419":0,"420":0,"421":0,"422":0,"423":0,"424":0,"425":0,"426":0,"427":0,"428":0,"429":1,"430":0,"431":0,"432":0,"433":0,"434":0,"435":0,"436":0,"437":0,"438":0,"439":0,"440":0,"441":0,"442":0,"443":0,"444":0,"445":0,"446":0,"447":0,"448":0,"449":0,"450":0,"451":0,"452":0,"453":0,"454":0,"455":0,"456":0,"457":0,"458":0,"459":0,"460":0,"461":0,"462":0,"463":0,"464":1,"465":0,"466":0,"467":0,"468":0,"469":0,"470":0,"471":0,"472":0,"473":0,"474":0,"475":0,"476":1,"477":0,"478":0,"479":0,"480":0,"481":0,"482":0,"483":0,"484":1,"485":0,"486":0,"487":0,"488":0,"489":1,"490":0,"491":0,"492":0,"493":1,"494":0,"495":0,"496":0,"497":0,"498":0,"499":0,"500":0,"501":0,"502":0,"503":0,"504":0,"505":1,"506":0,"507":0,"508":0,"509":0,"510":0,"511":0,"512":0,"513":0,"514":1,"515":0,"516":0,"517":0,"518":0,"519":0,"520":0,"521":0,"522":0,"523":0,"524":0,"525":0,"526":0,"527":0,"528":0,"529":0,"530":0,"531":0,"532":0,"533":0,"534":0,"535":0,"536":0,"537":0,"538":0,"539":0,"540":0,"541":0,"542":0,"543":0,"544":0,"545":0,"546":0,"547":0,"548":0,"549":0,"550":0,"551":1,"552":0,"553":0,"554":0,"555":0,"556":0,"557":0,"558":1,"559":0,"560":0,"561":0,"562":0,"563":0,"564":0,"565":0,"566":0,"567":0,"568":0,"569":0,"570":0,"571":0,"572":0,"573":0,"574":0,"575":0,"576":0,"577":0,"578":0,"579":0,"580":0,"581":0,"582":0,"583":0,"584":1,"585":0,"586":0,"587":0,"588":0,"589":0,"590":0,"591":0,"592":0,"593":0,"594":0,"595":0,"596":0,"597":0,"598":0,"599":0,"600":0,"601":0,"602":0,"603":0,"604":0,"605":0,"606":0,"607":0,"608":0,"609":0,"610":0,"611":0,"612":0,"613":0,"614":0,"615":0,"616":1,"617":0,"618":0,"619":0,"620":0,"621":0,"622":0,"623":0,"624":0,"625":0,"626":0,"627":0,"628":0,"629":0,"630":0,"631":0,"632":0,"633":0,"634":0,"635":0,"636":0,"637":0,"638":0,"639":0,"640":0,"641":0,"642":0,"643":0,"644":0,"645":0,"646":0,"647":0,"648":0,"649":0,"650":0,"651":0,"652":0,"653":0,"654":0,"655":0,"656":0,"657":0,"658":0,"659":0,"660":0,"661":1,"662":0,"663":0,"664":0,"665":0,"666":0,"667":0,"668":0,"669":0,"670":0,"671":0,"672":0,"673":0,"674":0,"675":0,"676":0,"677":0,"678":0,"679":0,"680":0,"681":0,"682":0,"683":0,"684":0,"685":0,"686":0,"687":0,"688":0,"689":0,"690":0,"691":0,"692":0,"693":0,"694":0,"695":0,"696":0,"697":0,"698":0,"699":0,"700":0,"701":0,"702":0,"703":0,"704":0,"705":0,"706":0,"707":0,"708":0,"709":0,"710":0,"711":0,"712":0,"713":0,"714":0,"715":0,"716":0,"717":0,"718":0,"719":0,"720":0,"721":0,"722":0,"723":0,"724":0,"725":0,"726":0,"727":0,"728":0,"729":0,"730":0,"731":0,"732":0,"733":0,"734":0,"735":0,"736":0,"737":0,"738":0,"739":0,"740":0,"741":0,"742":0,"743":0,"744":0,"745":0,"746":0,"747":0,"748":0,"749":0,"750":0,"751":0,"752":0,"753":0,"754":0,"755":0,"756":0,"757":0,"758":0,"759":0,"760":0,"761":0,"762":0,"763":0,"764":0,"765":0,"766":0,"767":0,"768":0,"769":0,"770":0,"771":0,"772":0,"773":0,"774":0,"775":0,"776":0,"777":0,"778":0,"779":0,"780":0,"781":0,"782":0,"783":0,"784":0,"785":0,"786":0,"787":0,"788":0,"789":0,"790":0,"791":0,"792":0,"793":0,"794":0,"795":0,"796":0,"797":0,"798":0,"799":0,"800":0,"801":0,"802":0,"803":0,"804":0,"805":0,"806":0,"807":0,"808":0,"809":0,"810":1,"811":0,"812":0,"813":0,"814":0,"815":0,"816":0,"817":0,"818":0,"819":0,"820":0,"821":0,"822":0,"823":0,"824":0,"825":1,"826":0,"827":0,"828":0,"829":0,"830":0,"831":0,"832":0,"833":0,"834":0,"835":0,"836":0,"837":0,"838":0,"839":0,"840":0,"841":0,"842":0,"843":0,"844":0,"845":0,"846":0,"847":1,"848":0,"849":0,"850":0,"851":0,"852":0,"853":0,"854":0,"855":0,"856":0,"857":0,"858":0,"859":0,"860":0,"861":0,"862":0,"863":0,"864":0,"865":0,"866":0,"867":0,"868":0,"869":0,"870":0,"871":0,"872":0,"873":0,"874":0,"875":0,"876":0,"877":0,"878":0,"879":0,"880":0,"881":0,"882":0,"883":0,"884":0,"885":0,"886":0,"887":0,"888":0,"889":0,"890":0,"891":0,"892":0,"893":0,"894":0,"895":0,"896":0,"897":0,"898":0,"899":1,"900":0,"901":0,"902":0,"903":0,"904":0,"905":0,"906":0,"907":0,"908":0,"909":0,"910":0,"911":0,"912":0,"913":0,"914":0,"915":0,"916":0,"917":0,"918":0,"919":0,"920":0,"921":0,"922":0,"923":0,"924":0,"925":0,"926":0,"927":0,"928":0,"929":0,"930":0,"931":0,"932":0,"933":1,"934":15,"935":15,"936":0,"937":0,"938":0,"939":1,"940":0,"941":0,"942":0,"943":0,"944":0,"945":0,"946":0,"947":0,"948":0,"949":0,"950":0,"951":0,"952":0,"953":0,"954":0,"955":0,"956":0,"957":0,"958":0,"959":0,"960":0,"961":0,"962":0,"963":0,"964":0,"965":0,"966":0,"967":0,"968":0,"969":0,"970":0,"971":0,"972":0,"973":0,"974":0,"975":0,"976":0,"977":0,"978":0,"979":0,"980":0,"981":0,"982":0,"983":0,"984":0,"985":0,"986":0,"987":0,"988":0,"989":0,"990":0,"991":0,"992":0,"993":0,"994":0,"995":0,"996":0,"997":0,"998":0,"999":0,"1000":0,"1001":0,"1002":0,"1003":0,"1004":0,"1005":0,"1006":0,"1007":0,"1008":0,"1009":0,"1010":0,"1011":0,"1012":0,"1013":0,"1014":0,"1015":0,"1016":1,"1017":0,"1018":0,"1019":0,"1020":0,"1021":0,"1022":0,"1023":0,"1024":0,"1025":0,"1026":0,"1027":0,"1028":0,"1029":0,"1030":0,"1031":0,"1032":0,"1033":0,"1034":0,"1035":0,"1036":0,"1037":0,"1038":0,"1039":0,"1040":0,"1041":0,"1042":0,"1043":0,"1044":0,"1045":0,"1046":0,"1047":0,"1048":0,"1049":0,"1050":0,"1051":0,"1052":0,"1053":0,"1054":0,"1055":0,"1056":0,"1057":0,"1058":0,"1059":0,"1060":0,"1061":0,"1062":0,"1063":0,"1064":0,"1065":0,"1066":0,"1067":0,"1068":0,"1069":0,"1070":0,"1071":0,"1072":0,"1073":0,"1074":0,"1075":0,"1076":0,"1077":0,"1078":0,"1079":0,"1080":0,"1081":0,"1082":0,"1083":0,"1084":0,"1085":0,"1086":0,"1087":0,"1088":0,"1089":0,"1090":0,"1091":0,"1092":0,"1093":0,"1094":0,"1095":0,"1096":0,"1097":0,"1098":0,"1099":0,"1100":0,"1101":0,"1102":0,"1103":0,"1104":0,"1105":0,"1106":0,"1107":0,"1108":1,"1109":0,"1110":0,"1111":0,"1112":0,"1113":0,"1114":1,"1115":0,"1116":0,"1117":0,"1118":0,"1119":0,"1120":0,"1121":1,"1122":8,"1123":0,"1124":0,"1125":1,"1126":0,"1127":0,"1128":0,"1129":0,"1130":0,"1131":0,"1132":0,"1133":0,"1134":0,"1135":0,"1136":0,"1137":0,"1138":0,"1139":0,"1140":0,"1141":0,"1142":0,"1143":0,"1144":0,"1145":0,"1146":0,"1147":0,"1148":0,"1149":0,"1150":0,"1151":0,"1152":0,"1153":1,"1154":1,"1155":0,"1156":0,"1157":0,"1158":0,"1159":0,"1160":0,"1161":0,"1162":0,"1163":0,"1164":0,"1165":0,"1166":0,"1167":0,"1168":0,"1169":0,"1170":0,"1171":0,"1172":0,"1173":0,"1174":0,"1175":0,"1176":0,"1177":0,"1178":0,"1179":0,"1180":0,"1181":0,"1182":0,"1183":0,"1184":0,"1185":0,"1186":0,"1187":0,"1188":0,"1189":0,"1190":0,"1191":0,"1192":0,"1193":0,"1194":0,"1195":0,"1196":1,"1197":0,"1198":1,"1199":0,"1200":1,"1201":0,"1202":0,"1203":0,"1204":0,"1205":0,"1206":0,"1207":0,"1208":0,"1209":0,"1210":0,"1211":0,"1212":0,"1213":0,"1214":0,"1215":0,"1216":0,"1217":1,"1218":0,"1219":0,"1220":0,"1221":0,"1222":0,"1223":0,"1224":0,"1225":0,"1226":0,"1227":0,"1228":0,"1229":0,"1230":0,"1231":0,"1232":0,"1233":0,"1234":0,"1235":0,"1236":0,"1237":0,"1238":0,"1239":0,"1240":0,"1241":0,"1242":0,"1243":0,"1244":0,"1245":0,"1246":0,"1247":0,"1248":0,"1249":0,"1250":0,"1251":0,"1252":0,"1253":0,"1254":0,"1255":0,"1256":0,"1257":0,"1258":0,"1259":0,"1260":0,"1261":1,"1262":0,"1263":0,"1264":0,"1265":0,"1266":0,"1267":0,"1268":0,"1269":0,"1270":0,"1271":0,"1272":0,"1273":0,"1274":0,"1275":0,"1276":0,"1277":0,"1278":0,"1279":0,"1280":0,"1281":0,"1282":0,"1283":0,"1284":0,"1285":0,"1286":0,"1287":0,"1288":0,"1289":0,"1290":0,"1291":0,"1292":1,"1293":1,"1294":1,"1295":1,"1296":1,"1297":1,"1298":1,"1299":1,"1300":0,"1301":1,"1302":0,"1303":0,"1304":0,"1305":0,"1306":0,"1307":0,"1308":0,"1309":0,"1310":0,"1311":0,"1312":0,"1313":0,"1314":0,"1315":0,"1316":0,"1317":0,"1318":0,"1319":0,"1320":0,"1321":0,"1322":0,"1323":0,"1324":0,"1325":0,"1326":0,"1327":0,"1328":0,"1329":0,"1330":0,"1331":0,"1332":0,"1333":0,"1334":1,"1335":0,"1336":1,"1337":0,"1338":1,"1339":0,"1340":0,"1341":0,"1342":1,"1343":0,"1344":0,"1345":1,"1346":1,"1347":0},"b":{"1":[1,0],"2":[0,1],"3":[0,0],"4":[0,0],"5":[0,0],"6":[0,1],"7":[0,0],"8":[0,0],"9":[0,0],"10":[0,1],"11":[0,0],"12":[0,0],"13":[0,0],"14":[0,1],"15":[0,0],"16":[0,0],"17":[0,0],"18":[0,0],"19":[0,1],"20":[0,0],"21":[0,0],"22":[0,0],"23":[0,1],"24":[0,0],"25":[0,0],"26":[1,0],"27":[0,0],"28":[0,0],"29":[0,2],"30":[0,0,0],"31":[0,0],"32":[0,0,0,0,0,0],"33":[0,0],"34":[1,1],"35":[15,0],"36":[0,0],"37":[0,0],"38":[0,0],"39":[0,0,0],"40":[0,0],"41":[0,0],"42":[0,0],"43":[0,0],"44":[0,0,0],"45":[0,0],"46":[0,0],"47":[0,0],"48":[0,0],"49":[0,0],"50":[0,0],"51":[0,0],"52":[0,0],"53":[0,0],"54":[0,0],"55":[0,0],"56":[0,0],"57":[0,0],"58":[0,0],"59":[0,0],"60":[0,0],"61":[0,0],"62":[0,0],"63":[0,0],"64":[0,0],"65":[0,0],"66":[0,0],"67":[0,0],"68":[0,0],"69":[0,0],"70":[0,0],"71":[0,0],"72":[0,0],"73":[0,0],"74":[0,0],"75":[0,0],"76":[0,0],"77":[0,0],"78":[0,0],"79":[0,0],"80":[0,0],"81":[0,0],"82":[0,0],"83":[0,0],"84":[0,0],"85":[0,0],"86":[0,0],"87":[0,0],"88":[0,0],"89":[0,0],"90":[0,0],"91":[0,0],"92":[0,0],"93":[0,0],"94":[0,0],"95":[0,0],"96":[0,0],"97":[0,0],"98":[0,0],"99":[0,0],"100":[0,0],"101":[0,0],"102":[0,0],"103":[0,0],"104":[0,0],"105":[0,0],"106":[0,0],"107":[0,0],"108":[0,0],"109":[0,0],"110":[0,0],"111":[0,0],"112":[0,0],"113":[0,0,0],"114":[0,0],"115":[0,0],"116":[0,0],"117":[0,0],"118":[0,0,0],"119":[0,0],"120":[0,0],"121":[0,0],"122":[0,0],"123":[0,0],"124":[0,0],"125":[0,0],"126":[0,0],"127":[0,0],"128":[0,0],"129":[0,0],"130":[0,0],"131":[0,0],"132":[0,0],"133":[0,0],"134":[0,0],"135":[0,0],"136":[0,0],"137":[0,0],"138":[0,0],"139":[0,0],"140":[0,0],"141":[0,0],"142":[0,0],"143":[0,0],"144":[0,0],"145":[0,0],"146":[0,0],"147":[0,0],"148":[0,0],"149":[0,0],"150":[0,0],"151":[0,0],"152":[0,0],"153":[0,0],"154":[0,0],"155":[0,0],"156":[0,0],"157":[0,0],"158":[0,0],"159":[0,0],"160":[0,0],"161":[0,0],"162":[0,0],"163":[0,0],"164":[0,0],"165":[0,0],"166":[0,0],"167":[0,0],"168":[0,0],"169":[0,0],"170":[0,0],"171":[0,0],"172":[0,0],"173":[0,0],"174":[0,0],"175":[0,0],"176":[0,0],"177":[0,0],"178":[0,0],"179":[0,0],"180":[0,0],"181":[0,0],"182":[0,0],"183":[0,0],"184":[0,0],"185":[0,0],"186":[0,0],"187":[0,0],"188":[0,0],"189":[0,0],"190":[0,0],"191":[0,0],"192":[0,0],"193":[0,0],"194":[0,0],"195":[0,0],"196":[0,0],"197":[0,0,0],"198":[0,0],"199":[0,0],"200":[0,0],"201":[0,0],"202":[0,0,0,0],"203":[0,0],"204":[0,0],"205":[0,0],"206":[0,0],"207":[0,0],"208":[0,0],"209":[0,0],"210":[0,0],"211":[0,0],"212":[0,0],"213":[0,0],"214":[0,0,0],"215":[0,0],"216":[0,0,0,0],"217":[0,0,0],"218":[0,0,0,0],"219":[0,0],"220":[0,0],"221":[0,0],"222":[0,0],"223":[0,0],"224":[0,0,0],"225":[0,0],"226":[0,0],"227":[0,0],"228":[0,0,0,0,0,0,0,0,0,0,0,0],"229":[0,0],"230":[0,0,0],"231":[0,0,0,0],"232":[0,0],"233":[0,0],"234":[0,0],"235":[0,0],"236":[0,0],"237":[0,0],"238":[0,0],"239":[0,0],"240":[0,0],"241":[0,0],"242":[0,0],"243":[0,0],"244":[0,0],"245":[0,0],"246":[0,0],"247":[0,0],"248":[0,0],"249":[0,0],"250":[0,0],"251":[0,0],"252":[0,0,0],"253":[0,0],"254":[0,0],"255":[0,0],"256":[0,0],"257":[0,0],"258":[0,0],"259":[0,0],"260":[0,0],"261":[0,0],"262":[0,0],"263":[0,0],"264":[0,0],"265":[0,0],"266":[0,0],"267":[0,0],"268":[0,0],"269":[0,0],"270":[0,0],"271":[0,0],"272":[0,0],"273":[0,0],"274":[0,0],"275":[0,0,0,0],"276":[0,0],"277":[0,0],"278":[0,0],"279":[0,0],"280":[0,0],"281":[0,0],"282":[0,0],"283":[0,0],"284":[0,0],"285":[0,0],"286":[0,0],"287":[0,0],"288":[0,0],"289":[0,0],"290":[0,0],"291":[0,0],"292":[0,0],"293":[0,0],"294":[0,0],"295":[0,0],"296":[0,0],"297":[0,0],"298":[0,0],"299":[0,0],"300":[0,0],"301":[0,0],"302":[0,0],"303":[0,0],"304":[0,0],"305":[0,0],"306":[0,0],"307":[0,0],"308":[0,0],"309":[0,0],"310":[0,0],"311":[0,0],"312":[0,0],"313":[0,0],"314":[0,0],"315":[0,0],"316":[0,0],"317":[0,0,0,0],"318":[0,0],"319":[0,0,0,0],"320":[0,0],"321":[0,0],"322":[0,0],"323":[0,0],"324":[0,0],"325":[0,0],"326":[0,0],"327":[0,0],"328":[0,0],"329":[0,0],"330":[0,0],"331":[0,0],"332":[0,0],"333":[0,0],"334":[0,0],"335":[0,0,0],"336":[0,0],"337":[0,0],"338":[0,0],"339":[1,0],"340":[1,1,1]},"f":{"1":1,"2":0,"3":0,"4":0,"5":0,"6":0,"7":0,"8":0,"9":0,"10":0,"11":0,"12":0,"13":2,"14":0,"15":0,"16":2,"17":0,"18":0,"19":0,"20":2,"21":0,"22":0,"23":0,"24":0,"25":0,"26":0,"27":0,"28":0,"29":0,"30":0,"31":0,"32":2,"33":0,"34":0,"35":4,"36":15,"37":0,"38":2,"39":2,"40":0,"41":0,"42":0,"43":0,"44":0,"45":0,"46":0,"47":0,"48":0,"49":0,"50":0,"51":0,"52":0,"53":0,"54":0,"55":0,"56":0,"57":0,"58":0,"59":0,"60":0,"61":0,"62":0,"63":0,"64":0,"65":0,"66":0,"67":0,"68":0,"69":0,"70":0,"71":0,"72":0,"73":0,"74":0,"75":0,"76":0,"77":0,"78":0,"79":0,"80":0,"81":0,"82":0,"83":0,"84":0,"85":0,"86":0,"87":0,"88":0,"89":0,"90":0,"91":0,"92":0,"93":0,"94":0,"95":0,"96":0,"97":0,"98":0,"99":0,"100":0,"101":0,"102":0,"103":0,"104":0,"105":0,"106":0,"107":0,"108":0,"109":0,"110":0,"111":0,"112":0,"113":0,"114":0,"115":0,"116":0,"117":0,"118":0,"119":0,"120":0,"121":0,"122":0,"123":0,"124":0,"125":0,"126":0,"127":0,"128":0,"129":0,"130":0,"131":0,"132":0,"133":0,"134":0,"135":0,"136":0,"137":0,"138":0,"139":0,"140":0,"141":0,"142":0,"143":0,"144":0,"145":0,"146":0,"147":0,"148":0,"149":0,"150":0,"151":0,"152":0,"153":0,"154":0,"155":0,"156":0,"157":0,"158":0,"159":0,"160":0,"161":0,"162":0,"163":0,"164":0,"165":0,"166":0,"167":0,"168":0,"169":0,"170":0,"171":0,"172":0,"173":0,"174":0,"175":0,"176":0,"177":0,"178":0,"179":0,"180":0,"181":0,"182":0,"183":0,"184":0,"185":0,"186":0,"187":0,"188":0,"189":0,"190":0,"191":0,"192":0,"193":0,"194":0,"195":0,"196":0,"197":0,"198":0,"199":0,"200":0,"201":0,"202":0,"203":0,"204":0,"205":15,"206":15,"207":0,"208":0,"209":0,"210":0,"211":0,"212":0,"213":0,"214":0,"215":0,"216":0,"217":0,"218":0,"219":0,"220":0,"221":0,"222":0,"223":0,"224":0,"225":0,"226":0,"227":0,"228":0,"229":0,"230":0,"231":0,"232":0,"233":0,"234":0,"235":0,"236":0,"237":0,"238":0,"239":0,"240":0,"241":0,"242":0,"243":0,"244":8,"245":0,"246":0,"247":0,"248":0,"249":0,"250":0,"251":0,"252":0,"253":0,"254":0,"255":0,"256":0,"257":0,"258":0,"259":0,"260":0,"261":0,"262":0,"263":0,"264":0,"265":0,"266":0,"267":0,"268":0,"269":0,"270":0,"271":0,"272":0,"273":0,"274":0,"275":0,"276":0,"277":0,"278":0,"279":0,"280":0,"281":0,"282":0,"283":0,"284":0,"285":0,"286":0,"287":0,"288":0,"289":0,"290":0,"291":0,"292":0,"293":0,"294":0,"295":0,"296":0,"297":0,"298":0,"299":0},"fnMap":{"1":{"name":"(anonymous_1)","line":5,"loc":{"start":{"line":5,"column":2},"end":{"line":5,"column":16}}},"2":{"name":"(anonymous_2)","line":18,"loc":{"start":{"line":18,"column":19},"end":{"line":18,"column":31}}},"3":{"name":"(anonymous_3)","line":39,"loc":{"start":{"line":39,"column":28},"end":{"line":39,"column":45}}},"4":{"name":"(anonymous_4)","line":48,"loc":{"start":{"line":48,"column":15},"end":{"line":48,"column":27}}},"5":{"name":"(anonymous_5)","line":49,"loc":{"start":{"line":49,"column":17},"end":{"line":49,"column":29}}},"6":{"name":"(anonymous_6)","line":69,"loc":{"start":{"line":69,"column":11},"end":{"line":69,"column":31}}},"7":{"name":"(anonymous_7)","line":99,"loc":{"start":{"line":99,"column":11},"end":{"line":99,"column":31}}},"8":{"name":"(anonymous_8)","line":128,"loc":{"start":{"line":128,"column":11},"end":{"line":128,"column":46}}},"9":{"name":"(anonymous_9)","line":155,"loc":{"start":{"line":155,"column":18},"end":{"line":155,"column":44}}},"10":{"name":"(anonymous_10)","line":182,"loc":{"start":{"line":182,"column":16},"end":{"line":182,"column":29}}},"11":{"name":"(anonymous_11)","line":199,"loc":{"start":{"line":199,"column":18},"end":{"line":199,"column":31}}},"12":{"name":"util","line":213,"loc":{"start":{"line":213,"column":0},"end":{"line":213,"column":17}}},"13":{"name":"assert","line":232,"loc":{"start":{"line":232,"column":0},"end":{"line":232,"column":37}}},"14":{"name":"assertExists","line":236,"loc":{"start":{"line":236,"column":0},"end":{"line":236,"column":30}}},"15":{"name":"clone","line":243,"loc":{"start":{"line":243,"column":0},"end":{"line":243,"column":21}}},"16":{"name":"isType","line":254,"loc":{"start":{"line":254,"column":0},"end":{"line":254,"column":23}}},"17":{"name":"isBoolean","line":255,"loc":{"start":{"line":255,"column":0},"end":{"line":255,"column":23}}},"18":{"name":"isString","line":256,"loc":{"start":{"line":256,"column":0},"end":{"line":256,"column":22}}},"19":{"name":"isNumber","line":257,"loc":{"start":{"line":257,"column":0},"end":{"line":257,"column":22}}},"20":{"name":"isArray","line":258,"loc":{"start":{"line":258,"column":0},"end":{"line":258,"column":21}}},"21":{"name":"isObject","line":259,"loc":{"start":{"line":259,"column":0},"end":{"line":259,"column":22}}},"22":{"name":"isObjectLike","line":260,"loc":{"start":{"line":260,"column":0},"end":{"line":260,"column":26}}},"23":{"name":"isDate","line":261,"loc":{"start":{"line":261,"column":0},"end":{"line":261,"column":20}}},"24":{"name":"isRegExp","line":262,"loc":{"start":{"line":262,"column":0},"end":{"line":262,"column":25}}},"25":{"name":"isFunction","line":263,"loc":{"start":{"line":263,"column":0},"end":{"line":263,"column":27}}},"26":{"name":"isNil","line":264,"loc":{"start":{"line":264,"column":0},"end":{"line":264,"column":19}}},"27":{"name":"isNull","line":265,"loc":{"start":{"line":265,"column":0},"end":{"line":265,"column":20}}},"28":{"name":"isUndefined","line":266,"loc":{"start":{"line":266,"column":0},"end":{"line":266,"column":25}}},"29":{"name":"inArray","line":267,"loc":{"start":{"line":267,"column":0},"end":{"line":267,"column":29}}},"30":{"name":"notInArray","line":268,"loc":{"start":{"line":268,"column":0},"end":{"line":268,"column":32}}},"31":{"name":"truthy","line":269,"loc":{"start":{"line":269,"column":0},"end":{"line":269,"column":22}}},"32":{"name":"falsey","line":270,"loc":{"start":{"line":270,"column":0},"end":{"line":270,"column":22}}},"33":{"name":"isEmpty","line":271,"loc":{"start":{"line":271,"column":0},"end":{"line":271,"column":21}}},"34":{"name":"array","line":278,"loc":{"start":{"line":278,"column":0},"end":{"line":278,"column":19}}},"35":{"name":"getType","line":279,"loc":{"start":{"line":279,"column":0},"end":{"line":279,"column":25}}},"36":{"name":"has","line":280,"loc":{"start":{"line":280,"column":0},"end":{"line":280,"column":25}}},"37":{"name":"err","line":281,"loc":{"start":{"line":281,"column":0},"end":{"line":281,"column":17}}},"38":{"name":"keys","line":282,"loc":{"start":{"line":282,"column":0},"end":{"line":282,"column":18}}},"39":{"name":"each","line":293,"loc":{"start":{"line":293,"column":0},"end":{"line":293,"column":35}}},"40":{"name":"map","line":314,"loc":{"start":{"line":314,"column":0},"end":{"line":314,"column":34}}},"41":{"name":"intersection","line":336,"loc":{"start":{"line":336,"column":0},"end":{"line":336,"column":31}}},"42":{"name":"union","line":347,"loc":{"start":{"line":347,"column":0},"end":{"line":347,"column":24}}},"43":{"name":"flatten","line":360,"loc":{"start":{"line":360,"column":0},"end":{"line":360,"column":29}}},"44":{"name":"(anonymous_44)","line":363,"loc":{"start":{"line":363,"column":15},"end":{"line":363,"column":35}}},"45":{"name":"isEqual","line":383,"loc":{"start":{"line":383,"column":0},"end":{"line":383,"column":24}}},"46":{"name":"unique","line":439,"loc":{"start":{"line":439,"column":0},"end":{"line":439,"column":21}}},"47":{"name":"(anonymous_47)","line":442,"loc":{"start":{"line":442,"column":11},"end":{"line":442,"column":27}}},"48":{"name":"encode","line":453,"loc":{"start":{"line":453,"column":0},"end":{"line":453,"column":24}}},"49":{"name":"getHash","line":459,"loc":{"start":{"line":459,"column":0},"end":{"line":459,"column":25}}},"50":{"name":"sortBy","line":476,"loc":{"start":{"line":476,"column":0},"end":{"line":476,"column":38}}},"51":{"name":"(anonymous_51)","line":490,"loc":{"start":{"line":490,"column":14},"end":{"line":490,"column":30}}},"52":{"name":"groupBy","line":509,"loc":{"start":{"line":509,"column":0},"end":{"line":509,"column":39}}},"53":{"name":"(anonymous_53)","line":517,"loc":{"start":{"line":517,"column":19},"end":{"line":517,"column":34}}},"54":{"name":"into","line":536,"loc":{"start":{"line":536,"column":0},"end":{"line":536,"column":27}}},"55":{"name":"(anonymous_55)","line":553,"loc":{"start":{"line":553,"column":14},"end":{"line":553,"column":33}}},"56":{"name":"(anonymous_56)","line":561,"loc":{"start":{"line":561,"column":18},"end":{"line":561,"column":29}}},"57":{"name":"(anonymous_57)","line":572,"loc":{"start":{"line":572,"column":12},"end":{"line":572,"column":38}}},"58":{"name":"(anonymous_58)","line":573,"loc":{"start":{"line":573,"column":15},"end":{"line":573,"column":41}}},"59":{"name":"(anonymous_59)","line":581,"loc":{"start":{"line":581,"column":12},"end":{"line":581,"column":38}}},"60":{"name":"(anonymous_60)","line":582,"loc":{"start":{"line":582,"column":13},"end":{"line":582,"column":39}}},"61":{"name":"(anonymous_61)","line":583,"loc":{"start":{"line":583,"column":15},"end":{"line":583,"column":41}}},"62":{"name":"(anonymous_62)","line":589,"loc":{"start":{"line":589,"column":14},"end":{"line":589,"column":38}}},"63":{"name":"(anonymous_63)","line":593,"loc":{"start":{"line":593,"column":24},"end":{"line":593,"column":47}}},"64":{"name":"keyId","line":621,"loc":{"start":{"line":621,"column":0},"end":{"line":621,"column":18}}},"65":{"name":"getValue","line":632,"loc":{"start":{"line":632,"column":0},"end":{"line":632,"column":31}}},"66":{"name":"resolve","line":642,"loc":{"start":{"line":642,"column":0},"end":{"line":642,"column":43}}},"67":{"name":"(anonymous_67)","line":657,"loc":{"start":{"line":657,"column":24},"end":{"line":657,"column":40}}},"68":{"name":"resolveObj","line":684,"loc":{"start":{"line":684,"column":0},"end":{"line":684,"column":36}}},"69":{"name":"(anonymous_69)","line":707,"loc":{"start":{"line":707,"column":18},"end":{"line":707,"column":34}}},"70":{"name":"traverse","line":737,"loc":{"start":{"line":737,"column":0},"end":{"line":737,"column":45}}},"71":{"name":"(anonymous_71)","line":746,"loc":{"start":{"line":746,"column":16},"end":{"line":746,"column":32}}},"72":{"name":"setValue","line":769,"loc":{"start":{"line":769,"column":0},"end":{"line":769,"column":41}}},"73":{"name":"(anonymous_73)","line":770,"loc":{"start":{"line":770,"column":26},"end":{"line":770,"column":47}}},"74":{"name":"removeValue","line":775,"loc":{"start":{"line":775,"column":0},"end":{"line":775,"column":37}}},"75":{"name":"(anonymous_75)","line":776,"loc":{"start":{"line":776,"column":26},"end":{"line":776,"column":47}}},"76":{"name":"isPrimitive","line":791,"loc":{"start":{"line":791,"column":0},"end":{"line":791,"column":29}}},"77":{"name":"isSimpleType","line":801,"loc":{"start":{"line":801,"column":0},"end":{"line":801,"column":30}}},"78":{"name":"normalize","line":810,"loc":{"start":{"line":810,"column":0},"end":{"line":810,"column":26}}},"79":{"name":"computeValue","line":853,"loc":{"start":{"line":853,"column":0},"end":{"line":853,"column":46}}},"80":{"name":"(anonymous_80)","line":882,"loc":{"start":{"line":882,"column":33},"end":{"line":882,"column":46}}},"81":{"name":"(anonymous_81)","line":897,"loc":{"start":{"line":897,"column":22},"end":{"line":897,"column":38}}},"82":{"name":"slice","line":929,"loc":{"start":{"line":929,"column":0},"end":{"line":929,"column":33}}},"83":{"name":"stddev","line":955,"loc":{"start":{"line":955,"column":0},"end":{"line":955,"column":22}}},"84":{"name":"(anonymous_84)","line":956,"loc":{"start":{"line":956,"column":31},"end":{"line":956,"column":49}}},"85":{"name":"(anonymous_85)","line":961,"loc":{"start":{"line":961,"column":23},"end":{"line":961,"column":41}}},"86":{"name":"redactObj","line":972,"loc":{"start":{"line":972,"column":0},"end":{"line":972,"column":36}}},"87":{"name":"(anonymous_87)","line":988,"loc":{"start":{"line":988,"column":19},"end":{"line":988,"column":40}}},"88":{"name":"(anonymous_88)","line":1001,"loc":{"start":{"line":1001,"column":33},"end":{"line":1001,"column":62}}},"89":{"name":"(anonymous_89)","line":1029,"loc":{"start":{"line":1029,"column":15},"end":{"line":1029,"column":56}}},"90":{"name":"(anonymous_90)","line":1044,"loc":{"start":{"line":1044,"column":10},"end":{"line":1044,"column":22}}},"91":{"name":"(anonymous_91)","line":1064,"loc":{"start":{"line":1064,"column":51},"end":{"line":1064,"column":65}}},"92":{"name":"(anonymous_92)","line":1083,"loc":{"start":{"line":1083,"column":7},"end":{"line":1083,"column":19}}},"93":{"name":"(anonymous_93)","line":1091,"loc":{"start":{"line":1091,"column":9},"end":{"line":1091,"column":21}}},"94":{"name":"(anonymous_94)","line":1099,"loc":{"start":{"line":1099,"column":8},"end":{"line":1099,"column":20}}},"95":{"name":"(anonymous_95)","line":1107,"loc":{"start":{"line":1107,"column":9},"end":{"line":1107,"column":21}}},"96":{"name":"(anonymous_96)","line":1116,"loc":{"start":{"line":1116,"column":8},"end":{"line":1116,"column":21}}},"97":{"name":"(anonymous_97)","line":1126,"loc":{"start":{"line":1126,"column":9},"end":{"line":1126,"column":22}}},"98":{"name":"(anonymous_98)","line":1136,"loc":{"start":{"line":1136,"column":8},"end":{"line":1136,"column":28}}},"99":{"name":"(anonymous_99)","line":1145,"loc":{"start":{"line":1145,"column":8},"end":{"line":1145,"column":20}}},"100":{"name":"(anonymous_100)","line":1156,"loc":{"start":{"line":1156,"column":11},"end":{"line":1156,"column":23}}},"101":{"name":"(anonymous_101)","line":1165,"loc":{"start":{"line":1165,"column":7},"end":{"line":1165,"column":23}}},"102":{"name":"(anonymous_102)","line":1174,"loc":{"start":{"line":1174,"column":7},"end":{"line":1174,"column":23}}},"103":{"name":"(anonymous_103)","line":1183,"loc":{"start":{"line":1183,"column":7},"end":{"line":1183,"column":27}}},"104":{"name":"(anonymous_104)","line":1191,"loc":{"start":{"line":1191,"column":11},"end":{"line":1191,"column":31}}},"105":{"name":"(anonymous_105)","line":1202,"loc":{"start":{"line":1202,"column":14},"end":{"line":1202,"column":46}}},"106":{"name":"(anonymous_106)","line":1213,"loc":{"start":{"line":1213,"column":12},"end":{"line":1213,"column":24}}},"107":{"name":"(anonymous_107)","line":1236,"loc":{"start":{"line":1236,"column":20},"end":{"line":1236,"column":54}}},"108":{"name":"(anonymous_108)","line":1249,"loc":{"start":{"line":1249,"column":8},"end":{"line":1249,"column":23}}},"109":{"name":"(anonymous_109)","line":1264,"loc":{"start":{"line":1264,"column":8},"end":{"line":1264,"column":42}}},"110":{"name":"(anonymous_110)","line":1273,"loc":{"start":{"line":1273,"column":10},"end":{"line":1273,"column":32}}},"111":{"name":"(anonymous_111)","line":1275,"loc":{"start":{"line":1275,"column":29},"end":{"line":1275,"column":48}}},"112":{"name":"(anonymous_112)","line":1298,"loc":{"start":{"line":1298,"column":13},"end":{"line":1298,"column":41}}},"113":{"name":"(anonymous_113)","line":1309,"loc":{"start":{"line":1309,"column
[...]
? '' : args[0].toUpperCase()","    args[1] = isEmpty(args[1]) ? '' : args[1].toUpperCase()","    if (args[0] > args[1]) {","      return 1","    }","    return (args[0] < args[1]) ? -1 : 0","  },","","  /**","   * Returns a substring of a string, starting at a specified index position and including the specified number of characters.","   * The index is zero-based.","   *","   * @param obj","   * @param expr","   * @returns {string}","   */","  $substr: function (obj, expr) {","    var args = computeValue(obj, expr, null)","    if (isString(args[0])) {","      if (args[1] < 0) {","        return ''","      } else if (args[2] < 0) {","        return args[0].substr(args[1])","      } else {","        return args[0].substr(args[1], args[2])","      }","    }","    return ''","  },","","  /**","   * Converts a string to lowercase.","   *","   * @param obj","   * @param expr","   * @returns {string}","   */","  $toLower: function (obj, expr) {","    var value = computeValue(obj, expr, null)","    return isEmpty(value) ? '' : value.toLowerCase()","  },","","  /**","   * Converts a string to uppercase.","   *","   * @param obj","   * @param expr","   * @returns {string}","   */","  $toUpper: function (obj, expr) {","    var value = computeValue(obj, expr, null)","    return isEmpty(value) ? '' : value.toUpperCase()","  }","}","","/**"," * Aggregation framework variable operators"," */","","var variableOperators = {","  /**","   * Applies a subexpression to each element of an array and returns the array of resulting values in order.","   * @param obj","   * @param expr","   * @returns {Array|*}","   */","  $map: function (obj, expr) {","    var inputExpr = computeValue(obj, expr['input'], null)","    if (!isArray(inputExpr)) {","      err('Input expression for $map must resolve to an array')","    }","    var asExpr = expr['as']","    var inExpr = expr['in']","","    // HACK: add the \"as\" expression as a value on the object to take advantage of \"resolve()\"","    // which will reduce to that value when invoked. The reference to the as expression will be prefixed with \"$$\".","    // But since a \"$\" is stripped of before passing the name to \"resolve()\" we just need to prepend \"$\" to the key.","    var tempKey = '$' + asExpr","    // let's save any value that existed, kinda useless but YOU CAN NEVER BE TOO SURE, CAN YOU :)","    var original = obj[tempKey]","    return inputExpr.map(function (item) {","      obj[tempKey] = item","      var value = computeValue(obj, inExpr, null)","      // cleanup and restore","      if (isUndefined(original)) {","        delete obj[tempKey]","      } else {","        obj[tempKey] = original","      }","      return value","    })","  },","","  /**","   * Defines variables for use within the scope of a subexpression and returns the result of the subexpression.","   * @param obj","   * @param expr","   * @returns {*}","   */","  $let: function (obj, expr) {","    var varsExpr = expr['vars']","    var inExpr = expr['in']","","    // resolve vars","    var originals = {}","    var varsKeys = keys(varsExpr)","    each(varsKeys, function (key) {","      var val = computeValue(obj, varsExpr[key], null)","      var tempKey = '$' + key","      // set value on object using same technique as in \"$map\"","      originals[tempKey] = obj[tempKey]","      obj[tempKey] = val","    })","","    var value = computeValue(obj, inExpr, null)","","    // cleanup and restore","    each(varsKeys, function (key) {","      var tempKey = '$' + key","      if (isUndefined(originals[tempKey])) {","        delete obj[tempKey]","      } else {","        obj[tempKey] = originals[tempKey]","      }","    })","","    return value","  }","}","","// combine aggregate operators","var aggregateOperators = Object.assign(","  {},","  arithmeticOperators,","  arrayOperators,","  booleanOperators,","  comparisonOperators,","  conditionalOperators,","  dateOperators,","  literalOperators,","  setOperators,","  stringOperators,","  variableOperators",")","","/**"," * Keys specifying different operator classes"," */","var KEY_QUERY = Mingo.KEY_QUERY = Mingo.OP_QUERY = 'query'","var KEY_GROUP = Mingo.KEY_GROUP = Mingo.OP_GROUP = 'group'","var KEY_AGGREGATE = Mingo.KEY_AGGREGATE = Mingo.OP_AGGREGATE = 'aggregate'","var KEY_PIPELINE = Mingo.KEY_PIPELINE = Mingo.OP_PIPELINE = 'pipeline'","var KEY_PROJECTION = Mingo.KEY_PROJECTION = Mingo.OP_PROJECTION = 'projection'","","// operator definitions","var OPERATORS = {","  'aggregate': aggregateOperators,","  'group': groupOperators,","  'pipeline': pipelineOperators,","  'projection': projectionOperators,","  'query': queryOperators","}","","/**"," * Returns the operators defined for the given operator key"," *"," * @param {String} opClass The operator class to query. See `Mingo.KEY_$XXX` members"," */","function ops (opClass) {","  return keys(OPERATORS[opClass])","}","","/**"," * Add new operators"," *"," * @param opClass the operator class to extend"," * @param fn a function returning an object of new operators"," */","Mingo.addOperators = function (opClass, fn) {","","  var newOperators = fn({","    'computeValue': computeValue,","    'key': keyId,","    'ops': ops,","    'resolve': resolve","  })","","  // ensure correct type specified","  assert(has(OPERATORS, opClass), \"Could not identify operator class '\" + opClass + \"'\")","","  var operators = OPERATORS[opClass]","","  // check for existing operators","  each(newOperators, function (fn, op) {","    assert(/^\\$\\w+$/.test(op), \"Invalid operator name '\" + op + \"'\")","    assert(!has(operators, op), 'Operator ' + op + ' is already defined for ' + opClass + ' operators')","  })","","  var wrapped = {}","","  switch (opClass) {","    case KEY_QUERY:","      each(newOperators, function (fn, op) {","        wrapped[op] = (function (f, ctx) {","          return function (selector, value) {","            return {","              test: function (obj) {","                // value of field must be fully resolved.","                var lhs = resolve(obj, selector)","                var result = f.call(ctx, selector, lhs, value)","                if (isBoolean(result)) {","                  return result","                } else if (result instanceof Query) {","                  return result.test(obj)","                } else {","                  err(\"Invalid return type for '\" + op + \"'. Must return a Boolean or Mingo.Query\")","                }","              }","            }","          }","        }(fn, newOperators))","      })","      break","    case KEY_PROJECTION:","      each(newOperators, function (fn, op) {","        wrapped[op] = (function (f, ctx) {","          return function (obj, expr, selector) {","            var lhs = resolve(obj, selector)","            return f.call(ctx, selector, lhs, expr)","          }","        }(fn, newOperators))","      })","      break","    default:","      each(newOperators, function (fn, op) {","        wrapped[op] = (function (f, ctx) {","          return function () {","            var args = ArrayProto.slice.call(arguments)","            return f.apply(ctx, args)","          }","        }(fn, newOperators))","      })","  }","","  // toss the operator salad :)","  Object.assign(OPERATORS[opClass], wrapped)","}","","/**"," * Performs a query on a collection and returns a cursor object."," *"," * @param collection"," * @param criteria"," * @param projection"," * @returns {Mingo.Cursor}"," */","Mingo.find = function (collection, criteria, projection) {","  return (new Mingo.Query(criteria)).find(collection, projection)","}","","/**"," * Returns a new array without objects which match the criteria"," *"," * @param collection"," * @param criteria"," * @returns {Array}"," */","Mingo.remove = function (collection, criteria) {","  return (new Mingo.Query(criteria)).remove(collection)","}","","/**"," * Return the result collection after running the aggregation pipeline for the given collection"," *"," * @param collection"," * @param pipeline"," * @returns {Array}"," */","Mingo.aggregate = function (collection, pipeline) {","  if (!isArray(pipeline)) {","    err('Aggregation pipeline must be an array')","  }","  return (new Mingo.Aggregator(pipeline)).run(collection)","}","","/**"," * Mixin for Collection types that provide a method `toJSON() -> Array[Object]`"," */","Mingo.CollectionMixin = {","","  /**","   * Runs a query and returns a cursor to the result","   * @param criteria","   * @param projection","   * @returns {Mingo.Cursor}","   */","  query: function (criteria, projection) {","    return Mingo.find(this.toJSON(), criteria, projection)","  },","","  /**","   * Runs the given aggregation operators on this collection","   * @params pipeline","   * @returns {Array}","   */","  aggregate: function (pipeline) {","    return Mingo.aggregate.call(null, this.toJSON(), pipeline)","  }","}","","","// Export the Mingo object for Node.js","if (typeof module !== 'undefined' && module.exports && typeof require !== 'undefined') {","  module.exports = Mingo","} else {","  root.Mingo = Mingo","}","","}(this))",""],"l":{"5":1,"10":1,"11":1,"14":1,"15":1,"18":1,"19":0,"20":0,"23":1,"29":1,"30":1,"31":1,"38":1,"39":0,"40":0,"43":0,"46":0,"47":0,"48":0,"49":0,"50":0,"56":0,"58":0,"60":0,"62":0,"67":1,"68":0,"70":0,"71":0,"74":0,"75":0,"77":0,"78":0,"81":0,"82":0,"84":0,"85":0,"86":0,"87":0,"89":0,"91":0,"97":1,"98":0,"100":0,"101":0,"104":0,"105":0,"107":0,"108":0,"111":0,"112":0,"113":0,"114":0,"115":0,"116":0,"118":0,"120":0,"126":1,"127":0,"129":0,"130":0,"133":0,"134":0,"136":0,"137":0,"139":0,"140":0,"142":0,"143":0,"144":0,"146":0,"148":0,"154":1,"155":0,"157":0,"158":0,"161":0,"162":0,"164":0,"165":0,"167":0,"168":0,"170":0,"171":0,"176":0,"181":1,"182":0,"183":0,"184":0,"187":0,"188":0,"189":0,"190":0,"193":0,"198":1,"199":1,"200":0,"201":0,"203":0,"204":0,"205":0,"206":0,"209":0,"213":1,"214":0,"232":1,"233":2,"236":1,"237":0,"243":1,"244":0,"246":0,"248":0,"250":0,"254":2,"255":1,"256":1,"257":1,"258":2,"259":1,"260":1,"261":1,"262":1,"263":1,"264":1,"265":1,"266":1,"267":1,"268":1,"269":1,"270":2,"271":1,"272":0,"278":1,"279":4,"280":15,"281":1,"282":2,"293":1,"294":2,"295":2,"296":1,"298":1,"299":15,"300":15,"314":1,"315":0,"316":0,"317":0,"318":0,"319":0,"320":0,"321":0,"322":0,"324":0,"326":0,"336":1,"337":0,"347":1,"348":0,"349":0,"350":0,"351":0,"360":1,"361":0,"362":0,"363":0,"364":0,"365":0,"366":0,"368":0,"372":0,"373":0,"383":1,"385":0,"388":0,"389":0,"392":0,"395":0,"397":0,"398":0,"400":0,"401":0,"402":0,"403":0,"404":0,"406":0,"408":0,"409":0,"412":0,"415":0,"416":0,"419":0,"422":0,"423":0,"424":0,"428":0,"431":0,"439":1,"440":0,"441":0,"442":0,"443":0,"444":0,"445":0,"446":0,"449":0,"453":1,"454":0,"459":1,"460":0,"461":0,"462":0,"463":0,"464":0,"465":0,"467":0,"476":1,"477":0,"478":0,"479":0,"480":0,"481":0,"482":0,"483":0,"484":0,"485":0,"487":0,"490":0,"491":0,"492":0,"493":0,"494":0,"495":0,"496":0,"497":0,"499":0,"500":0,"509":1,"510":0,"515":0,"517":0,"518":0,"519":0,"520":0,"522":0,"523":0,"524":0,"525":0,"526":0,"528":0,"529":0,"532":0,"533":0,"536":1,"537":0,"545":1,"553":1,"554":0,"561":1,"562":0,"571":1,"572":0,"573":0,"580":1,"581":0,"582":0,"585":0,"587":0,"589":0,"590":0,"591":0,"592":0,"593":0,"594":0,"595":0,"597":0,"600":0,"603":0,"604":0,"606":0,"610":0,"615":1,"616":1,"621":1,"622":0,"632":1,"633":0,"642":1,"643":0,"644":0,"646":0,"647":0,"649":0,"653":0,"654":0,"657":0,"658":0,"663":0,"664":0,"667":0,"668":0,"671":0,"674":0,"684":1,"685":0,"687":0,"688":0,"690":0,"691":0,"692":0,"693":0,"694":0,"696":0,"697":0,"698":0,"699":0,"700":0,"701":0,"703":0,"704":0,"706":0,"707":0,"708":0,"709":0,"711":0,"714":0,"715":0,"716":0,"718":0,"719":0,"720":0,"723":0,"726":0,"737":1,"738":0,"739":0,"740":0,"742":0,"743":0,"745":0,"746":0,"747":0,"751":0,"752":0,"753":0,"754":0,"757":0,"769":1,"770":0,"771":0,"775":1,"776":0,"777":0,"778":0,"779":0,"780":0,"787":1,"791":1,"792":0,"793":0,"794":0,"797":0,"801":1,"802":0,"810":1,"812":0,"813":0,"817":0,"818":0,"819":0,"822":0,"823":0,"827":0,"828":0,"829":0,"830":0,"831":0,"832":0,"833":0,"834":0,"835":0,"837":0,"838":0,"842":0,"853":1,"854":0,"855":0,"858":0,"859":0,"863":0,"865":0,"866":0,"868":0,"873":0,"875":0,"876":0,"877":0,"878":0,"882":0,"883":0,"884":0,"885":0,"886":0,"888":0,"891":0,"895":0,"897":0,"898":0,"901":0,"902":0,"903":0,"904":0,"907":0,"909":0,"910":0,"911":0,"915":0,"917":0,"929":1,"932":0,"933":0,"934":0,"935":0,"937":0,"938":0,"941":0,"942":0,"944":0,"945":0,"947":0,"955":1,"956":0,"957":0,"958":0,"959":0,"960":0,"961":0,"972":1,"973":0,"974":0,"976":0,"977":0,"988":1,"989":0,"991":0,"1001":1,"1002":0,"1004":0,"1005":0,"1006":0,"1007":0,"1008":0,"1009":0,"1010":0,"1012":0,"1015":0,"1019":0,"1029":1,"1030":0,"1031":0,"1034":0,"1035":0,"1036":0,"1037":0,"1038":0,"1039":0,"1042":1,"1045":0,"1047":0,"1048":0,"1052":0,"1053":0,"1056":0,"1057":0,"1061":0,"1062":0,"1064":0,"1065":0,"1066":0,"1067":0,"1068":0,"1072":0,"1073":0,"1074":0,"1076":0,"1084":0,"1092":0,"1100":0,"1108":0,"1117":0,"1118":0,"1127":0,"1128":0,"1137":0,"1138":0,"1146":0,"1147":0,"1149":0,"1157":0,"1166":0,"1175":0,"1184":0,"1192":0,"1202":1,"1203":0,"1205":0,"1206":0,"1207":0,"1208":0,"1211":1,"1214":0,"1216":0,"1218":0,"1219":0,"1220":0,"1221":0,"1222":0,"1225":0,"1226":0,"1227":0,"1228":0,"1237":0,"1238":0,"1240":0,"1250":0,"1251":0,"1252":0,"1255":0,"1265":0,"1274":0,"1275":0,"1276":0,"1277":0,"1279":0,"1289":1,"1299":0,"1310":0,"1312":0,"1314":0,"1316":0,"1317":0,"1329":0,"1330":0,"1331":0,"1332":0,"1344":0,"1345":0,"1346":0,"1347":0,"1359":0,"1360":0,"1361":0,"1372":0,"1374":0,"1375":0,"1387":0,"1398":0,"1408":0,"1409":0,"1419":0,"1420":0,"1427":1,"1437":0,"1439":0,"1440":0,"1442":0,"1443":0,"1444":0,"1446":0,"1447":0,"1450":0,"1451":0,"1454":0,"1455":0,"1456":0,"1457":0,"1458":0,"1461":0,"1464":0,"1465":0,"1469":0,"1482":0,"1484":0,"1485":0,"1488":0,"1491":0,"1493":0,"1494":0,"1497":0,"1498":0,"1502":0,"1503":0,"1504":0,"1507":0,"1510":0,"1520":0,"1521":0,"1522":0,"1523":0,"1525":0,"1526":0,"1527":0,"1528":0,"1529":0,"1531":0,"1532":0,"1533":1,"1535":0,"1536":0,"1537":0,"1538":0,"1539":0,"1542":0,"1543":0,"1544":0,"1545":0,"1546":0,"1547":0,"1549":0,"1554":0,"1555":0,"1556":0,"1557":0,"1560":0,"1561":0,"1562":0,"1563":0,"1564":0,"1565":0,"1566":0,"1567":0,"1568":0,"1571":0,"1572":0,"1576":0,"1588":0,"1600":0,"1601":0,"1605":0,"1606":0,"1607":0,"1610":0,"1611":0,"1612":0,"1613":0,"1614":0,"1615":0,"1617":0,"1619":0,"1622":0,"1623":0,"1624":0,"1625":0,"1626":0,"1627":0,"1631":0,"1634":0,"1635":0,"1636":0,"1637":0,"1638":0,"1640":0,"1641":0,"1644":0,"1645":0,"1646":0,"1647":0,"1649":0,"1650":0,"1653":0,"1655":0,"1656":0,"1657":0,"1658":0,"1660":0,"1661":0,"1662":0,"1664":0,"1666":0,"1668":0,"1670":0,"1671":0,"1674":0,"1677":0,"1681":0,"1684":0,"1685":0,"1689":0,"1690":0,"1692":0,"1693":0,"1695":0,"1696":0,"1703":0,"1704":0,"1705":0,"1706":0,"1709":0,"1712":0,"1723":0,"1734":0,"1745":0,"1746":0,"1747":0,"1748":0,"1750":0,"1751":0,"1752":0,"1753":0,"1754":0,"1755":0,"1758":0,"1761":0,"1772":0,"1773":0,"1774":0,"1775":0,"1776":0,"1778":0,"1779":0,"1781":0,"1782":0,"1783":0,"1786":0,"1787":0,"1789":0,"1790":0,"1791":0,"1795":0,"1809":0,"1810":0,"1812":0,"1827":0,"1828":0,"1830":0,"1831":0,"1832":0,"1833":0,"1835":0,"1845":0,"1850":0,"1851":0,"1852":0,"1866":0,"1867":0,"1868":0,"1869":0,"1870":0,"1871":0,"1873":0,"1882":0,"1883":0,"1896":1,"1897":0,"1898":0,"1901":0,"1902":0,"1903":0,"1904":0,"1905":0,"1908":0,"1909":0,"1911":0,"1912":0,"1914":0,"1918":0,"1921":0,"1927":1,"1937":0,"1949":0,"1950":0,"1952":0,"1953":0,"1956":0,"1957":0,"1958":0,"1962":0,"1973":0,"1975":0,"1977":0,"1978":0,"1979":0,"1980":0,"1982":0,"1993":0,"1994":0,"2004":0,"2005":0,"2012":1,"2022":0,"2033":0,"2044":0,"2045":0,"2056":0,"2067":0,"2068":0,"2070":0,"2081":0,"2082":0,"2084":0,"2095":0,"2096":0,"2098":0,"2109":0,"2110":0,"2112":0,"2123":0,"2124":0,"2126":0,"2137":0,"2138":0,"2140":0,"2151":0,"2162":0,"2163":0,"2164":0,"2165":0,"2166":0,"2167":0,"2170":0,"2174":0,"2185":0,"2195":0,"2196":0,"2197":0,"2198":0,"2199":0,"2203":0,"2214":0,"2216":0,"2219":0,"2221":0,"2223":0,"2225":0,"2227":0,"2229":0,"2231":0,"2233":0,"2235":0,"2237":0,"2242":1,"2252":0,"2253":0,"2254":0,"2255":0,"2258":0,"2260":0,"2261":0,"2262":0,"2265":0,"2278":0,"2279":0,"2281":0,"2282":0,"2283":0,"2286":0,"2288":0,"2289":0,"2290":0,"2293":0,"2306":0,"2307":0,"2309":0,"2310":0,"2312":0,"2325":0,"2326":0,"2327":0,"2328":0,"2330":0,"2343":0,"2344":0,"2346":0,"2348":0,"2355":1,"2356":15,"2357":15,"2358":0,"2361":0,"2362":0,"2368":1,"2378":0,"2379":0,"2390":0,"2391":0,"2392":0,"2404":0,"2405":0,"2406":0,"2407":0,"2408":0,"2419":0,"2420":0,"2431":0,"2432":0,"2433":0,"2434":0,"2435":0,"2446":0,"2447":0,"2448":0,"2449":0,"2450":0,"2461":0,"2462":0,"2463":0,"2464":0,"2465":0,"2476":0,"2477":0,"2478":0,"2479":0,"2480":0,"2481":0,"2492":0,"2493":0,"2494":0,"2495":0,"2496":0,"2507":0,"2508":0,"2519":0,"2520":0,"2521":0,"2533":0,"2534":0,"2536":0,"2538":0,"2549":0,"2550":0,"2551":0,"2552":0,"2553":0,"2564":0,"2565":0,"2576":0,"2577":0,"2578":0,"2579":0,"2580":0,"2584":1,"2593":0,"2594":0,"2595":0,"2596":0,"2597":0,"2598":0,"2599":0,"2600":0,"2601":0,"2602":0,"2604":0,"2615":0,"2616":0,"2618":0,"2620":0,"2631":0,"2632":0,"2633":0,"2635":0,"2637":0,"2639":0,"2640":0,"2641":0,"2654":0,"2655":0,"2657":0,"2658":0,"2660":0,"2662":0,"2663":0,"2665":0,"2666":0,"2668":0,"2669":0,"2672":0,"2683":0,"2694":0,"2695":0,"2696":0,"2697":0,"2699":0,"2701":0,"2702":0,"2703":0,"2706":0,"2717":0,"2719":0,"2720":0,"2722":0,"2723":0,"2724":0,"2726":0,"2736":0,"2737":0,"2738":0,"2740":0,"2741":0,"2743":0,"2744":0,"2755":0,"2756":0,"2767":0,"2768":0,"2782":0,"2783":0,"2785":0,"2786":0,"2788":0,"2789":0,"2792":0,"2793":0,"2794":0,"2796":0,"2797":0,"2799":0,"2800":0,"2802":0,"2807":0,"2808":0,"2810":0,"2811":0,"2812":0,"2816":0,"2819":0,"2823":1,"2831":0,"2832":0,"2842":0,"2843":0,"2853":0,"2857":1,"2866":0,"2867":0,"2868":0,"2869":0,"2873":1,"2874":8,"2875":0,"2876":0,"2880":1,"2890":0,"2891":0,"2892":0,"2893":0,"2895":0,"2896":0,"2897":0,"2898":0,"2899":0,"2900":0,"2901":0,"2903":0,"2904":0,"2916":0,"2917":0,"2920":0,"2921":0,"2922":0,"2924":0,"2927":0,"2928":0,"2929":0,"2930":0,"2932":0,"2945":0,"2946":0,"2947":0,"2952":1,"2966":1,"2973":0,"2974":0,"2975":0,"2976":0,"2977":0,"2978":0,"2980":0,"2989":0,"2990":0,"2999":0,"3000":0,"3009":0,"3010":0,"3019":0,"3020":0,"3031":0,"3034":0,"3035":0,"3038":0,"3040":0,"3042":0,"3051":0,"3052":0,"3061":0,"3062":0,"3071":0,"3072":0,"3081":0,"3082":0,"3104":0,"3105":0,"3106":0,"3108":0,"3109":0,"3110":0,"3112":0,"3114":0,"3115":0,"3116":0,"3119":0,"3122":0,"3126":1,"3127":0,"3130":1,"3137":0,"3141":1,"3148":0,"3149":0,"3150":0,"3151":0,"3160":0,"3161":0,"3170":0,"3171":0,"3180":0,"3181":0,"3190":0,"3191":0,"3201":0,"3202":0,"3212":0,"3213":0,"3217":1,"3227":0,"3229":0,"3230":0,"3232":0,"3244":0,"3246":0,"3248":0,"3249":0,"3251":0,"3252":0,"3253":0,"3254":0,"3256":0,"3260":0,"3262":0,"3266":0,"3268":0,"3270":0,"3271":0,"3285":0,"3286":0,"3287":0,"3288":0,"3299":0,"3300":0,"3301":0,"3302":0,"3303":0,"3305":0,"3317":0,"3318":0,"3319":0,"3320":0,"3321":0,"3322":0,"3324":0,"3327":0,"3338":0,"3339":0,"3350":0,"3351":0,"3359":1,"3367":0,"3368":0,"3369":0,"3371":0,"3372":0,"3377":0,"3379":0,"3380":0,"3381":0,"3382":0,"3384":0,"3385":0,"3387":0,"3389":0,"3400":0,"3401":0,"3404":0,"3405":0,"3406":0,"3407":0,"3408":0,"3410":0,"3411":0,"3414":0,"3417":0,"3418":0,"3419":0,"3420":0,"3422":0,"3426":0,"3431":1,"3448":1,"3449":1,"3450":1,"3451":1,"3452":1,"3455":1,"3468":1,"3469":0,"3478":1,"3480":0,"3488":0,"3490":0,"3493":0,"3494":0,"3495":0,"3498":0,"3500":0,"3502":0,"3503":0,"3504":0,"3505":0,"3508":0,"3509":0,"3510":0,"3511":0,"3512":0,"3513":0,"3515":0,"3522":0,"3524":0,"3525":0,"3526":0,"3527":0,"3528":0,"3532":0,"3534":0,"3535":0,"3536":0,"3537":0,"3538":0,"3545":0,"3556":1,"3557":0,"3567":1,"3568":0,"3578":1,"3579":0,"3580":0,"3582":0,"3588":1,"3597":0,"3606":0,"3612":1,"3613":1,"3615":0}}}